#! /usr/bin/vvp
:ivl_version "11.0 (stable)";
:ivl_delay_selection "TYPICAL";
:vpi_time_precision + 0;
:vpi_module "/usr/lib/x86_64-linux-gnu/ivl/system.vpi";
:vpi_module "/usr/lib/x86_64-linux-gnu/ivl/vhdl_sys.vpi";
:vpi_module "/usr/lib/x86_64-linux-gnu/ivl/vhdl_textio.vpi";
:vpi_module "/usr/lib/x86_64-linux-gnu/ivl/v2005_math.vpi";
:vpi_module "/usr/lib/x86_64-linux-gnu/ivl/va_math.vpi";
S_0x6306868ef500 .scope module, "alu" "alu" 2 2;
 .timescale 0 0;
    .port_info 0 /INPUT 1 "clk";
    .port_info 1 /INPUT 12 "alusignals";
    .port_info 2 /INPUT 16 "instrin";
    .port_info 3 /INPUT 16 "op1";
    .port_info 4 /INPUT 16 "op2";
    .port_info 5 /INPUT 5 "immx";
    .port_info 6 /INPUT 1 "isimmediate";
    .port_info 7 /OUTPUT 16 "aluresult";
    .port_info 8 /OUTPUT 16 "instrout";
L_0x630686864b20 .functor BUFZ 16, v0x63068691b680_0, C4<0000000000000000>, C4<0000000000000000>, C4<0000000000000000>;
v0x63068683ee90_0 .var "A", 15 0;
v0x6306869192d0_0 .var "B", 15 0;
L_0x75e5f9186018 .functor BUFT 1, C4<000000000000000>, C4<0>, C4<0>, C4<0>;
v0x6306869193b0_0 .net *"_ivl_29", 14 0, L_0x75e5f9186018;  1 drivers
v0x630686919470_0 .net "aluresult", 15 0, L_0x630686864b20;  1 drivers
o0x75e5f91cf0d8 .functor BUFZ 12, C4<zzzzzzzzzzzz>; HiZ drive
v0x630686919550_0 .net "alusignals", 11 0, o0x75e5f91cf0d8;  0 drivers
o0x75e5f91cf108 .functor BUFZ 1, C4<z>; HiZ drive
v0x630686919630_0 .net "clk", 0 0, o0x75e5f91cf108;  0 drivers
v0x6306869196f0_0 .var/i "file", 31 0;
v0x6306869197d0_0 .var/i "i", 31 0;
o0x75e5f91cf198 .functor BUFZ 5, C4<zzzzz>; HiZ drive
v0x6306869198b0_0 .net "immx", 4 0, o0x75e5f91cf198;  0 drivers
v0x630686919990_0 .var "immx_reg", 4 0;
o0x75e5f91cf1f8 .functor BUFZ 16, C4<zzzzzzzzzzzzzzzz>; HiZ drive
v0x630686919a70_0 .net "instrin", 15 0, o0x75e5f91cf1f8;  0 drivers
v0x630686919b50_0 .net "instrout", 15 0, L_0x630686925270;  1 drivers
v0x630686919c30_0 .var "instrout_reg", 0 0;
v0x630686919cf0_0 .var "instrout_reg1", 0 0;
v0x630686919db0_0 .net "isadd", 0 0, L_0x6306869245f0;  1 drivers
v0x630686919e70_0 .var "isadd_reg", 0 0;
v0x630686919f30_0 .net "isand", 0 0, L_0x630686924e00;  1 drivers
v0x63068691a100_0 .var "isand_reg", 0 0;
v0x63068691a1c0_0 .net "iscmp", 0 0, L_0x630686924a20;  1 drivers
v0x63068691a280_0 .var "iscmp_reg", 0 0;
o0x75e5f91cf3d8 .functor BUFZ 1, C4<z>; HiZ drive
v0x63068691a340_0 .net "isimmediate", 0 0, o0x75e5f91cf3d8;  0 drivers
v0x63068691a400_0 .var "isimmediate_reg", 0 0;
v0x63068691a4c0_0 .net "isld", 0 0, L_0x630686924690;  1 drivers
v0x63068691a580_0 .var "isld_reg", 0 0;
v0x63068691a640_0 .net "islsl", 0 0, L_0x630686925000;  1 drivers
v0x63068691a700_0 .var "islsl_reg", 0 0;
v0x63068691a7c0_0 .net "islsr", 0 0, L_0x6306869250d0;  1 drivers
v0x63068691a880_0 .var "islsr_reg", 0 0;
v0x63068691a940_0 .net "ismov", 0 0, L_0x630686924b30;  1 drivers
v0x63068691aa00_0 .var "ismov_reg", 0 0;
v0x63068691aac0_0 .net "ismul", 0 0, L_0x630686924980;  1 drivers
v0x63068691ab80_0 .var "ismul_reg", 0 0;
v0x63068691ac40_0 .net "isnot", 0 0, L_0x630686924ed0;  1 drivers
v0x63068691ad00_0 .var "isnot_reg", 0 0;
v0x63068691adc0_0 .net "isor", 0 0, L_0x630686924bd0;  1 drivers
v0x63068691ae80_0 .var "isor_reg", 0 0;
v0x63068691af40_0 .net "isst", 0 0, L_0x630686924780;  1 drivers
v0x63068691b000_0 .var "isst_reg", 0 0;
v0x63068691b0c0_0 .net "issub", 0 0, L_0x630686924820;  1 drivers
v0x63068691b180_0 .var "issub_reg", 0 0;
o0x75e5f91cf798 .functor BUFZ 16, C4<zzzzzzzzzzzzzzzz>; HiZ drive
v0x63068691b240_0 .net "op1", 15 0, o0x75e5f91cf798;  0 drivers
v0x63068691b320_0 .var "op1_reg", 15 0;
o0x75e5f91cf7f8 .functor BUFZ 16, C4<zzzzzzzzzzzzzzzz>; HiZ drive
v0x63068691b400_0 .net "op2", 15 0, o0x75e5f91cf7f8;  0 drivers
v0x63068691b4e0_0 .var "op2_reg", 15 0;
v0x63068691b5c0 .array "reg_file", 0 7, 15 0;
v0x63068691b680_0 .var "result", 15 0;
E_0x630686904e30 .event posedge, v0x630686919630_0;
L_0x6306869245f0 .part o0x75e5f91cf0d8, 0, 1;
L_0x630686924690 .part o0x75e5f91cf0d8, 1, 1;
L_0x630686924780 .part o0x75e5f91cf0d8, 2, 1;
L_0x630686924820 .part o0x75e5f91cf0d8, 3, 1;
L_0x630686924980 .part o0x75e5f91cf0d8, 4, 1;
L_0x630686924a20 .part o0x75e5f91cf0d8, 5, 1;
L_0x630686924b30 .part o0x75e5f91cf0d8, 6, 1;
L_0x630686924bd0 .part o0x75e5f91cf0d8, 7, 1;
L_0x630686924e00 .part o0x75e5f91cf0d8, 8, 1;
L_0x630686924ed0 .part o0x75e5f91cf0d8, 9, 1;
L_0x630686925000 .part o0x75e5f91cf0d8, 10, 1;
L_0x6306869250d0 .part o0x75e5f91cf0d8, 11, 1;
L_0x630686925270 .concat [ 1 15 0 0], v0x630686919cf0_0, L_0x75e5f9186018;
S_0x6306868da410 .scope module, "control_unit" "control_unit" 3 1;
 .timescale 0 0;
    .port_info 0 /INPUT 1 "clk";
    .port_info 1 /INPUT 1 "reset";
    .port_info 2 /INPUT 1 "stall";
    .port_info 3 /INPUT 4 "opcode";
    .port_info 4 /OUTPUT 1 "isadd";
    .port_info 5 /OUTPUT 1 "issub";
    .port_info 6 /OUTPUT 1 "ismul";
    .port_info 7 /OUTPUT 1 "isld";
    .port_info 8 /OUTPUT 1 "isst";
    .port_info 9 /OUTPUT 1 "iscmp";
    .port_info 10 /OUTPUT 1 "ismov";
    .port_info 11 /OUTPUT 1 "isor";
    .port_info 12 /OUTPUT 1 "isand";
    .port_info 13 /OUTPUT 1 "isnot";
    .port_info 14 /OUTPUT 1 "islsl";
    .port_info 15 /OUTPUT 1 "islsr";
    .port_info 16 /OUTPUT 1 "isbeq";
    .port_info 17 /OUTPUT 1 "isbgt";
    .port_info 18 /OUTPUT 1 "iswb";
    .port_info 19 /OUTPUT 1 "isubranch";
P_0x630686873140 .param/l "ADD_OP" 1 3 62, C4<0001>;
P_0x630686873180 .param/l "AND_OP" 1 3 70, C4<1001>;
P_0x6306868731c0 .param/l "BEQ_OP" 1 3 75, C4<1110>;
P_0x630686873200 .param/l "BGT_OP" 1 3 76, C4<1111>;
P_0x630686873240 .param/l "CMP_OP" 1 3 67, C4<0110>;
P_0x630686873280 .param/l "LD_OP" 1 3 65, C4<0100>;
P_0x6306868732c0 .param/l "LSL_OP" 1 3 72, C4<1011>;
P_0x630686873300 .param/l "MOV_OP" 1 3 68, C4<0111>;
P_0x630686873340 .param/l "MUL_OP" 1 3 64, C4<0011>;
P_0x630686873380 .param/l "NOT_OP" 1 3 71, C4<1010>;
P_0x6306868733c0 .param/l "OR_OP" 1 3 69, C4<1000>;
P_0x630686873400 .param/l "SRL_OP" 1 3 74, C4<1101>;
P_0x630686873440 .param/l "ST_OP" 1 3 66, C4<0101>;
P_0x630686873480 .param/l "SUB_OP" 1 3 63, C4<0010>;
P_0x6306868734c0 .param/l "UBRANCH_OP" 1 3 73, C4<1100>;
L_0x6306869353b0 .functor BUFZ 1, v0x63068691bb00_0, C4<0>, C4<0>, C4<0>;
L_0x630686935450 .functor BUFZ 1, v0x63068691da50_0, C4<0>, C4<0>, C4<0>;
L_0x630686935520 .functor BUFZ 1, v0x63068691cf40_0, C4<0>, C4<0>, C4<0>;
L_0x6306869355f0 .functor BUFZ 1, v0x63068691c640_0, C4<0>, C4<0>, C4<0>;
L_0x6306869356f0 .functor BUFZ 1, v0x63068691d810_0, C4<0>, C4<0>, C4<0>;
L_0x6306869357c0 .functor BUFZ 1, v0x63068691c400_0, C4<0>, C4<0>, C4<0>;
L_0x6306869358d0 .functor BUFZ 1, v0x63068691cd00_0, C4<0>, C4<0>, C4<0>;
L_0x630686935970 .functor BUFZ 1, v0x63068691d5d0_0, C4<0>, C4<0>, C4<0>;
L_0x630686935a90 .functor BUFZ 1, v0x63068691bd40_0, C4<0>, C4<0>, C4<0>;
L_0x630686935b60 .functor BUFZ 1, v0x63068691d390_0, C4<0>, C4<0>, C4<0>;
L_0x630686935c90 .functor BUFZ 1, v0x63068691c880_0, C4<0>, C4<0>, C4<0>;
L_0x630686935d60 .functor BUFZ 1, v0x63068691cac0_0, C4<0>, C4<0>, C4<0>;
L_0x630686935ea0 .functor BUFZ 1, v0x63068691bf80_0, C4<0>, C4<0>, C4<0>;
L_0x630686935f70 .functor BUFZ 1, v0x63068691c1c0_0, C4<0>, C4<0>, C4<0>;
L_0x630686935e30 .functor BUFZ 1, v0x63068691ded0_0, C4<0>, C4<0>, C4<0>;
L_0x630686936120 .functor BUFZ 1, v0x63068691dc90_0, C4<0>, C4<0>, C4<0>;
o0x75e5f91cfa38 .functor BUFZ 1, C4<z>; HiZ drive
v0x63068691b8c0_0 .net "clk", 0 0, o0x75e5f91cfa38;  0 drivers
v0x63068691b9a0_0 .net "isadd", 0 0, L_0x6306869353b0;  1 drivers
v0x63068691ba60_0 .var "isadd_next", 0 0;
v0x63068691bb00_0 .var "isadd_reg", 0 0;
v0x63068691bbc0_0 .net "isand", 0 0, L_0x630686935a90;  1 drivers
v0x63068691bc80_0 .var "isand_next", 0 0;
v0x63068691bd40_0 .var "isand_reg", 0 0;
v0x63068691be00_0 .net "isbeq", 0 0, L_0x630686935ea0;  1 drivers
v0x63068691bec0_0 .var "isbeq_next", 0 0;
v0x63068691bf80_0 .var "isbeq_reg", 0 0;
v0x63068691c040_0 .net "isbgt", 0 0, L_0x630686935f70;  1 drivers
v0x63068691c100_0 .var "isbgt_next", 0 0;
v0x63068691c1c0_0 .var "isbgt_reg", 0 0;
v0x63068691c280_0 .net "iscmp", 0 0, L_0x6306869357c0;  1 drivers
v0x63068691c340_0 .var "iscmp_next", 0 0;
v0x63068691c400_0 .var "iscmp_reg", 0 0;
v0x63068691c4c0_0 .net "isld", 0 0, L_0x6306869355f0;  1 drivers
v0x63068691c580_0 .var "isld_next", 0 0;
v0x63068691c640_0 .var "isld_reg", 0 0;
v0x63068691c700_0 .net "islsl", 0 0, L_0x630686935c90;  1 drivers
v0x63068691c7c0_0 .var "islsl_next", 0 0;
v0x63068691c880_0 .var "islsl_reg", 0 0;
v0x63068691c940_0 .net "islsr", 0 0, L_0x630686935d60;  1 drivers
v0x63068691ca00_0 .var "islsr_next", 0 0;
v0x63068691cac0_0 .var "islsr_reg", 0 0;
v0x63068691cb80_0 .net "ismov", 0 0, L_0x6306869358d0;  1 drivers
v0x63068691cc40_0 .var "ismov_next", 0 0;
v0x63068691cd00_0 .var "ismov_reg", 0 0;
v0x63068691cdc0_0 .net "ismul", 0 0, L_0x630686935520;  1 drivers
v0x63068691ce80_0 .var "ismul_next", 0 0;
v0x63068691cf40_0 .var "ismul_reg", 0 0;
v0x63068691d000_0 .net "isnot", 0 0, L_0x630686935b60;  1 drivers
v0x63068691d0c0_0 .var "isnot_next", 0 0;
v0x63068691d390_0 .var "isnot_reg", 0 0;
v0x63068691d450_0 .net "isor", 0 0, L_0x630686935970;  1 drivers
v0x63068691d510_0 .var "isor_next", 0 0;
v0x63068691d5d0_0 .var "isor_reg", 0 0;
v0x63068691d690_0 .net "isst", 0 0, L_0x6306869356f0;  1 drivers
v0x63068691d750_0 .var "isst_next", 0 0;
v0x63068691d810_0 .var "isst_reg", 0 0;
v0x63068691d8d0_0 .net "issub", 0 0, L_0x630686935450;  1 drivers
v0x63068691d990_0 .var "issub_next", 0 0;
v0x63068691da50_0 .var "issub_reg", 0 0;
v0x63068691db10_0 .net "isubranch", 0 0, L_0x630686936120;  1 drivers
v0x63068691dbd0_0 .var "isubranch_next", 0 0;
v0x63068691dc90_0 .var "isubranch_reg", 0 0;
v0x63068691dd50_0 .net "iswb", 0 0, L_0x630686935e30;  1 drivers
v0x63068691de10_0 .var "iswb_next", 0 0;
v0x63068691ded0_0 .var "iswb_reg", 0 0;
o0x75e5f91d0368 .functor BUFZ 4, C4<zzzz>; HiZ drive
v0x63068691df90_0 .net "opcode", 3 0, o0x75e5f91d0368;  0 drivers
o0x75e5f91d0398 .functor BUFZ 1, C4<z>; HiZ drive
v0x63068691e070_0 .net "reset", 0 0, o0x75e5f91d0398;  0 drivers
o0x75e5f91d03c8 .functor BUFZ 1, C4<z>; HiZ drive
v0x63068691e130_0 .net "stall", 0 0, o0x75e5f91d03c8;  0 drivers
E_0x630686904e70 .event posedge, v0x63068691e070_0, v0x63068691b8c0_0;
S_0x6306868da7f0 .scope module, "decode_unit" "decode_unit" 4 1;
 .timescale 0 0;
    .port_info 0 /INPUT 1 "clk";
    .port_info 1 /INPUT 1 "reset";
    .port_info 2 /INPUT 1 "stall";
    .port_info 3 /INPUT 1 "is_branch_taken";
    .port_info 4 /INPUT 16 "instr";
    .port_info 5 /INPUT 20 "rdvalmem1";
    .port_info 6 /INPUT 20 "rdvalmem2";
    .port_info 7 /OUTPUT 5 "imm";
    .port_info 8 /OUTPUT 4 "opcode";
    .port_info 9 /OUTPUT 16 "branch_target";
    .port_info 10 /OUTPUT 16 "op1";
    .port_info 11 /OUTPUT 16 "op2";
    .port_info 12 /OUTPUT 1 "imm_flag";
L_0x630686936280 .functor BUFZ 4, v0x63068691f640_0, C4<0000>, C4<0000>, C4<0000>;
L_0x630686936350 .functor BUFZ 5, v0x63068691ecc0_0, C4<00000>, C4<00000>, C4<00000>;
L_0x630686936420 .functor BUFZ 16, v0x63068691e740_0, C4<0000000000000000>, C4<0000000000000000>, C4<0000000000000000>;
L_0x6306869364f0 .functor BUFZ 16, v0x63068691f100_0, C4<0000000000000000>, C4<0000000000000000>, C4<0000000000000000>;
L_0x6306869365f0 .functor BUFZ 16, v0x63068691f3a0_0, C4<0000000000000000>, C4<0000000000000000>, C4<0000000000000000>;
L_0x6306869366c0 .functor BUFZ 1, v0x63068691eb20_0, C4<0>, C4<0>, C4<0>;
v0x63068691e560_0 .net "branch_target", 15 0, L_0x630686936420;  1 drivers
v0x63068691e660_0 .var "branch_target_next", 15 0;
v0x63068691e740_0 .var "branch_target_reg", 15 0;
o0x75e5f91d0848 .functor BUFZ 1, C4<z>; HiZ drive
v0x63068691e800_0 .net "clk", 0 0, o0x75e5f91d0848;  0 drivers
v0x63068691e8c0_0 .net "imm", 4 0, L_0x630686936350;  1 drivers
v0x63068691e9a0_0 .net "imm_flag", 0 0, L_0x6306869366c0;  1 drivers
v0x63068691ea60_0 .var "imm_flag_next", 0 0;
v0x63068691eb20_0 .var "imm_flag_reg", 0 0;
v0x63068691ebe0_0 .var "imm_next", 4 0;
v0x63068691ecc0_0 .var "imm_reg", 4 0;
o0x75e5f91d0998 .functor BUFZ 16, C4<zzzzzzzzzzzzzzzz>; HiZ drive
v0x63068691eda0_0 .net "instr", 15 0, o0x75e5f91d0998;  0 drivers
o0x75e5f91d09c8 .functor BUFZ 1, C4<z>; HiZ drive
v0x63068691ee80_0 .net "is_branch_taken", 0 0, o0x75e5f91d09c8;  0 drivers
v0x63068691ef40_0 .net "op1", 15 0, L_0x6306869364f0;  1 drivers
v0x63068691f020_0 .var "op1_next", 15 0;
v0x63068691f100_0 .var "op1_reg", 15 0;
v0x63068691f1e0_0 .net "op2", 15 0, L_0x6306869365f0;  1 drivers
v0x63068691f2c0_0 .var "op2_next", 15 0;
v0x63068691f3a0_0 .var "op2_reg", 15 0;
v0x63068691f480_0 .net "opcode", 3 0, L_0x630686936280;  1 drivers
v0x63068691f560_0 .var "opcode_next", 3 0;
v0x63068691f640_0 .var "opcode_reg", 3 0;
v0x63068691f720_0 .var "rd", 2 0;
o0x75e5f91d0bd8 .functor BUFZ 20, C4<zzzzzzzzzzzzzzzzzzzz>; HiZ drive
v0x63068691f800_0 .net "rdvalmem1", 19 0, o0x75e5f91d0bd8;  0 drivers
o0x75e5f91d0c08 .functor BUFZ 20, C4<zzzzzzzzzzzzzzzzzzzz>; HiZ drive
v0x63068691f8e0_0 .net "rdvalmem2", 19 0, o0x75e5f91d0c08;  0 drivers
v0x63068691f9c0 .array "registers", 7 0, 15 0;
o0x75e5f91d0c38 .functor BUFZ 1, C4<z>; HiZ drive
v0x63068691fa80_0 .net "reset", 0 0, o0x75e5f91d0c38;  0 drivers
v0x63068691fb40_0 .var "rs1", 2 0;
v0x63068691fc20_0 .var "rs2", 2 0;
o0x75e5f91d0cc8 .functor BUFZ 1, C4<z>; HiZ drive
v0x63068691fd00_0 .net "stall", 0 0, o0x75e5f91d0cc8;  0 drivers
E_0x630686904eb0 .event posedge, v0x63068691fa80_0, v0x63068691e800_0;
S_0x6306868e16a0 .scope module, "execute_unit" "execute_unit" 5 1;
 .timescale 0 0;
    .port_info 0 /INPUT 16 "brachtarget";
    .port_info 1 /INPUT 1 "isunconditionalbranch";
    .port_info 2 /INPUT 1 "isBeq";
    .port_info 3 /INPUT 1 "isBgt";
    .port_info 4 /INPUT 128 "regval";
    .port_info 5 /OUTPUT 16 "branchpc";
    .port_info 6 /OUTPUT 1 "isbranchtaken";
L_0x6306869367d0 .functor BUFZ 16, v0x6306869202e0_0, C4<0000000000000000>, C4<0000000000000000>, C4<0000000000000000>;
o0x75e5f91d0f68 .functor BUFZ 16, C4<zzzzzzzzzzzzzzzz>; HiZ drive
v0x630686920100_0 .net "brachtarget", 15 0, o0x75e5f91d0f68;  0 drivers
v0x630686920200_0 .net "branchpc", 15 0, L_0x6306869367d0;  1 drivers
v0x6306869202e0_0 .var "branchpc_reg", 15 0;
v0x6306869203a0_0 .var/i "i", 31 0;
o0x75e5f91d1028 .functor BUFZ 1, C4<z>; HiZ drive
v0x630686920480_0 .net "isBeq", 0 0, o0x75e5f91d1028;  0 drivers
o0x75e5f91d1058 .functor BUFZ 1, C4<z>; HiZ drive
v0x630686920540_0 .net "isBgt", 0 0, o0x75e5f91d1058;  0 drivers
v0x630686920600_0 .net "isbranchtaken", 0 0, L_0x630686936870;  1 drivers
v0x6306869206c0_0 .var "isbranchtaken_reg", 15 0;
o0x75e5f91d10e8 .functor BUFZ 1, C4<z>; HiZ drive
v0x6306869207a0_0 .net "isunconditionalbranch", 0 0, o0x75e5f91d10e8;  0 drivers
v0x630686920860 .array "reg_file", 7 0, 15 0;
o0x75e5f91d1298 .functor BUFZ 128, C4<zzzzzzzzzzzzzzzzzzzzzzzzzzzzzzzzzzzzzzzzzzzzzzzzzzzzzzzzzzzzzzzzzzzzzzzzzzzzzzzzzzzzzzzzzzzzzzzzzzzzzzzzzzzzzzzzzzzzzzzzzzzzzzzz>; HiZ drive
v0x630686920a20_0 .net "regval", 127 0, o0x75e5f91d1298;  0 drivers
v0x630686920860_0 .array/port v0x630686920860, 0;
v0x630686920860_1 .array/port v0x630686920860, 1;
E_0x63068691ffd0/0 .event edge, v0x6306869207a0_0, v0x630686920480_0, v0x630686920860_0, v0x630686920860_1;
v0x630686920860_2 .array/port v0x630686920860, 2;
v0x630686920860_3 .array/port v0x630686920860, 3;
v0x630686920860_4 .array/port v0x630686920860, 4;
v0x630686920860_5 .array/port v0x630686920860, 5;
E_0x63068691ffd0/1 .event edge, v0x630686920860_2, v0x630686920860_3, v0x630686920860_4, v0x630686920860_5;
v0x630686920860_6 .array/port v0x630686920860, 6;
v0x630686920860_7 .array/port v0x630686920860, 7;
E_0x63068691ffd0/2 .event edge, v0x630686920860_6, v0x630686920860_7, v0x630686920540_0, v0x630686920100_0;
E_0x63068691ffd0 .event/or E_0x63068691ffd0/0, E_0x63068691ffd0/1, E_0x63068691ffd0/2;
E_0x6306869200a0 .event edge, v0x630686920a20_0;
L_0x630686936870 .part v0x6306869206c0_0, 0, 1;
S_0x6306868e1a90 .scope module, "fetch_unit" "fetch_unit" 6 1;
 .timescale 0 0;
    .port_info 0 /INPUT 1 "clk";
    .port_info 1 /INPUT 1 "reset";
    .port_info 2 /INPUT 1 "stall";
    .port_info 3 /INPUT 1 "is_branch_taken";
    .port_info 4 /INPUT 16 "branch_target";
    .port_info 5 /INPUT 1 "issingleinstr";
    .port_info 6 /OUTPUT 16 "instr1";
    .port_info 7 /OUTPUT 16 "instr2";
L_0x630686936970 .functor BUFZ 16, v0x630686920fa0_0, C4<0000000000000000>, C4<0000000000000000>, C4<0000000000000000>;
L_0x630686936a40 .functor BUFZ 16, v0x6306869211b0_0, C4<0000000000000000>, C4<0000000000000000>, C4<0000000000000000>;
o0x75e5f91d1418 .functor BUFZ 16, C4<zzzzzzzzzzzzzzzz>; HiZ drive
v0x630686920c60_0 .net "branch_target", 15 0, o0x75e5f91d1418;  0 drivers
v0x630686920d60 .array "buffer", 0 1, 15 0;
o0x75e5f91d1448 .functor BUFZ 1, C4<z>; HiZ drive
v0x630686920e20_0 .net "clk", 0 0, o0x75e5f91d1448;  0 drivers
v0x630686920ec0_0 .net "instr1", 15 0, L_0x630686936970;  1 drivers
v0x630686920fa0_0 .var "instr1_reg", 15 0;
v0x6306869210d0_0 .net "instr2", 15 0, L_0x630686936a40;  1 drivers
v0x6306869211b0_0 .var "instr2_reg", 15 0;
v0x630686921290 .array "instruction_memory", 10 0, 15 0;
o0x75e5f91d1538 .functor BUFZ 1, C4<z>; HiZ drive
v0x630686921350_0 .net "is_branch_taken", 0 0, o0x75e5f91d1538;  0 drivers
o0x75e5f91d1568 .functor BUFZ 1, C4<z>; HiZ drive
v0x630686921410_0 .net "issingleinstr", 0 0, o0x75e5f91d1568;  0 drivers
v0x6306869214d0_0 .var "pc", 15 0;
o0x75e5f91d15c8 .functor BUFZ 1, C4<z>; HiZ drive
v0x6306869215b0_0 .net "reset", 0 0, o0x75e5f91d15c8;  0 drivers
o0x75e5f91d15f8 .functor BUFZ 1, C4<z>; HiZ drive
v0x630686921670_0 .net "stall", 0 0, o0x75e5f91d15f8;  0 drivers
E_0x6306868962d0 .event posedge, v0x6306869215b0_0, v0x630686920e20_0;
S_0x6306868eea80 .scope module, "memory_unit" "memory_unit" 7 1;
 .timescale 0 0;
    .port_info 0 /INPUT 1 "clk";
    .port_info 1 /INPUT 1 "isld";
    .port_info 2 /INPUT 1 "isst";
    .port_info 3 /INPUT 16 "instr";
    .port_info 4 /INPUT 16 "op2";
    .port_info 5 /INPUT 16 "aluresult";
    .port_info 6 /OUTPUT 16 "ldresult";
    .port_info 7 /OUTPUT 20 "rdvalmem";
L_0x630686936b10 .functor BUFZ 16, v0x630686921f50_0, C4<0000000000000000>, C4<0000000000000000>, C4<0000000000000000>;
L_0x630686936be0 .functor BUFZ 20, v0x630686922470_0, C4<00000000000000000000>, C4<00000000000000000000>, C4<00000000000000000000>;
o0x75e5f91d17a8 .functor BUFZ 16, C4<zzzzzzzzzzzzzzzz>; HiZ drive
v0x6306869218b0_0 .net "aluresult", 15 0, o0x75e5f91d17a8;  0 drivers
o0x75e5f91d17d8 .functor BUFZ 1, C4<z>; HiZ drive
v0x6306869219b0_0 .net "clk", 0 0, o0x75e5f91d17d8;  0 drivers
v0x630686921a70_0 .var/i "file", 31 0;
v0x630686921b30_0 .var/i "i", 31 0;
o0x75e5f91d1868 .functor BUFZ 16, C4<zzzzzzzzzzzzzzzz>; HiZ drive
v0x630686921c10_0 .net "instr", 15 0, o0x75e5f91d1868;  0 drivers
v0x630686921cf0_0 .var "instr_rd", 3 0;
o0x75e5f91d18c8 .functor BUFZ 1, C4<z>; HiZ drive
v0x630686921dd0_0 .net "isld", 0 0, o0x75e5f91d18c8;  0 drivers
o0x75e5f91d18f8 .functor BUFZ 1, C4<z>; HiZ drive
v0x630686921e90_0 .net "isst", 0 0, o0x75e5f91d18f8;  0 drivers
v0x630686921f50_0 .var "ld", 15 0;
v0x630686922030_0 .var "ld_reg", 15 0;
v0x630686922110_0 .net "ldresult", 15 0, L_0x630686936b10;  1 drivers
v0x6306869221f0 .array "memory", 31 0, 15 0;
o0x75e5f91d19b8 .functor BUFZ 16, C4<zzzzzzzzzzzzzzzz>; HiZ drive
v0x6306869222b0_0 .net "op2", 15 0, o0x75e5f91d19b8;  0 drivers
v0x630686922390_0 .var "rd", 3 0;
v0x630686922470_0 .var "rdval", 19 0;
v0x630686922550_0 .net "rdvalmem", 19 0, L_0x630686936be0;  1 drivers
v0x630686922630_0 .var "result", 19 0;
E_0x630686921830 .event posedge, v0x6306869219b0_0;
S_0x6306868eedd0 .scope module, "relayer_unit" "relayer_unit" 8 1;
 .timescale 0 0;
    .port_info 0 /INPUT 16 "instr1_in";
    .port_info 1 /INPUT 16 "instr2_in";
    .port_info 2 /OUTPUT 16 "instr1_o";
    .port_info 3 /OUTPUT 16 "instr2_o";
    .port_info 4 /OUTPUT 1 "issingleinstr";
    .port_info 5 /OUTPUT 1 "isstall";
P_0x630686831d50 .param/l "nop" 0 8 9, C4<0000000000000000>;
L_0x630686936cb0 .functor BUFZ 16, v0x630686922fb0_0, C4<0000000000000000>, C4<0000000000000000>, C4<0000000000000000>;
L_0x630686936d80 .functor BUFZ 16, v0x630686923330_0, C4<0000000000000000>, C4<0000000000000000>, C4<0000000000000000>;
L_0x630686936e50 .functor BUFZ 1, v0x6306869234d0_0, C4<0>, C4<0>, C4<0>;
L_0x630686936f20 .functor BUFZ 1, v0x630686923650_0, C4<0>, C4<0>, C4<0>;
v0x6306869229f0 .array "buffer1", 1 0, 15 0;
v0x630686922b30 .array "buffer2", 1 0, 15 0;
v0x630686922c50_0 .var/i "i", 31 0;
v0x630686922d10_0 .var "instr1", 15 0;
o0x75e5f91d1d48 .functor BUFZ 16, C4<zzzzzzzzzzzzzzzz>; HiZ drive
v0x630686922df0_0 .net "instr1_in", 15 0, o0x75e5f91d1d48;  0 drivers
v0x630686922ed0_0 .net "instr1_o", 15 0, L_0x630686936cb0;  1 drivers
v0x630686922fb0_0 .var "instr1_out", 15 0;
v0x630686923090_0 .var "instr2", 15 0;
o0x75e5f91d1e08 .functor BUFZ 16, C4<zzzzzzzzzzzzzzzz>; HiZ drive
v0x630686923170_0 .net "instr2_in", 15 0, o0x75e5f91d1e08;  0 drivers
v0x630686923250_0 .net "instr2_o", 15 0, L_0x630686936d80;  1 drivers
v0x630686923330_0 .var "instr2_out", 15 0;
v0x630686923410_0 .net "issingleinstr", 0 0, L_0x630686936e50;  1 drivers
v0x6306869234d0_0 .var "issingleinstr_reg", 0 0;
v0x630686923590_0 .net "isstall", 0 0, L_0x630686936f20;  1 drivers
v0x630686923650_0 .var "isstall_reg", 0 0;
v0x630686923710_0 .var/i "p", 31 0;
v0x6306869237f0_0 .var "singinstr", 15 0;
E_0x630686922920/0 .event edge, v0x630686922df0_0, v0x630686923170_0, v0x6306869237f0_0, v0x630686922d10_0;
v0x6306869229f0_0 .array/port v0x6306869229f0, 0;
v0x6306869229f0_1 .array/port v0x6306869229f0, 1;
E_0x630686922920/1 .event edge, v0x630686923090_0, v0x6306869229f0_0, v0x6306869229f0_1, v0x630686923710_0;
v0x630686922b30_0 .array/port v0x630686922b30, 0;
v0x630686922b30_1 .array/port v0x630686922b30, 1;
E_0x630686922920/2 .event edge, v0x630686922b30_0, v0x630686922b30_1, v0x630686922fb0_0, v0x630686923330_0;
E_0x630686922920 .event/or E_0x630686922920/0, E_0x630686922920/1, E_0x630686922920/2;
S_0x6306868ef120 .scope module, "writeback_unit" "writeback_unit" 9 1;
 .timescale 0 0;
    .port_info 0 /INPUT 1 "clk";
    .port_info 1 /INPUT 1 "iswb";
    .port_info 2 /INPUT 1 "isld";
    .port_info 3 /INPUT 3 "rd";
    .port_info 4 /INPUT 16 "ldresult";
    .port_info 5 /INPUT 16 "aluresult";
o0x75e5f91d20d8 .functor BUFZ 16, C4<zzzzzzzzzzzzzzzz>; HiZ drive
v0x630686923bb0_0 .net "aluresult", 15 0, o0x75e5f91d20d8;  0 drivers
o0x75e5f91d2108 .functor BUFZ 1, C4<z>; HiZ drive
v0x630686923cb0_0 .net "clk", 0 0, o0x75e5f91d2108;  0 drivers
v0x630686923d70_0 .var/i "file", 31 0;
v0x630686923e30_0 .var/i "i", 31 0;
o0x75e5f91d2198 .functor BUFZ 1, C4<z>; HiZ drive
v0x630686923f10_0 .net "isld", 0 0, o0x75e5f91d2198;  0 drivers
o0x75e5f91d21c8 .functor BUFZ 1, C4<z>; HiZ drive
v0x630686923fd0_0 .net "iswb", 0 0, o0x75e5f91d21c8;  0 drivers
o0x75e5f91d21f8 .functor BUFZ 16, C4<zzzzzzzzzzzzzzzz>; HiZ drive
v0x630686924090_0 .net "ldresult", 15 0, o0x75e5f91d21f8;  0 drivers
o0x75e5f91d2228 .functor BUFZ 3, C4<zzz>; HiZ drive
v0x630686924170_0 .net "rd", 2 0, o0x75e5f91d2228;  0 drivers
v0x630686924250 .array "reg_file", 7 0, 15 0;
v0x630686924410_0 .var "result", 15 0;
v0x630686924250_0 .array/port v0x630686924250, 0;
v0x630686924250_1 .array/port v0x630686924250, 1;
v0x630686924250_2 .array/port v0x630686924250, 2;
E_0x63068689c770/0 .event edge, v0x630686923d70_0, v0x630686924250_0, v0x630686924250_1, v0x630686924250_2;
v0x630686924250_3 .array/port v0x630686924250, 3;
v0x630686924250_4 .array/port v0x630686924250, 4;
v0x630686924250_5 .array/port v0x630686924250, 5;
v0x630686924250_6 .array/port v0x630686924250, 6;
E_0x63068689c770/1 .event edge, v0x630686924250_3, v0x630686924250_4, v0x630686924250_5, v0x630686924250_6;
v0x630686924250_7 .array/port v0x630686924250, 7;
E_0x63068689c770/2 .event edge, v0x630686924250_7;
E_0x63068689c770 .event/or E_0x63068689c770/0, E_0x63068689c770/1, E_0x63068689c770/2;
E_0x630686923b50 .event posedge, v0x630686923cb0_0;
    .scope S_0x6306868ef500;
T_0 ;
    %vpi_call 2 76 "$readmemh", "registers.hex", v0x63068691b5c0 {0 0 0};
    %pushi/vec4 0, 0, 1;
    %store/vec4 v0x630686919e70_0, 0, 1;
    %pushi/vec4 0, 0, 1;
    %store/vec4 v0x63068691a580_0, 0, 1;
    %pushi/vec4 0, 0, 1;
    %store/vec4 v0x63068691b000_0, 0, 1;
    %pushi/vec4 0, 0, 1;
    %store/vec4 v0x63068691b180_0, 0, 1;
    %pushi/vec4 0, 0, 1;
    %store/vec4 v0x63068691ab80_0, 0, 1;
    %pushi/vec4 0, 0, 1;
    %store/vec4 v0x63068691a280_0, 0, 1;
    %pushi/vec4 0, 0, 1;
    %store/vec4 v0x63068691aa00_0, 0, 1;
    %pushi/vec4 0, 0, 1;
    %store/vec4 v0x63068691ae80_0, 0, 1;
    %pushi/vec4 0, 0, 1;
    %store/vec4 v0x63068691a100_0, 0, 1;
    %pushi/vec4 0, 0, 1;
    %store/vec4 v0x63068691ad00_0, 0, 1;
    %pushi/vec4 0, 0, 1;
    %store/vec4 v0x63068691a700_0, 0, 1;
    %pushi/vec4 0, 0, 1;
    %store/vec4 v0x63068691a880_0, 0, 1;
    %pushi/vec4 0, 0, 1;
    %store/vec4 v0x63068691a400_0, 0, 1;
    %pushi/vec4 0, 0, 16;
    %store/vec4 v0x63068691b320_0, 0, 16;
    %pushi/vec4 0, 0, 16;
    %store/vec4 v0x63068691b4e0_0, 0, 16;
    %pushi/vec4 0, 0, 5;
    %store/vec4 v0x630686919990_0, 0, 5;
    %pushi/vec4 0, 0, 1;
    %store/vec4 v0x630686919c30_0, 0, 1;
    %pushi/vec4 0, 0, 1;
    %store/vec4 v0x630686919cf0_0, 0, 1;
    %end;
    .thread T_0;
    .scope S_0x6306868ef500;
T_1 ;
    %wait E_0x630686904e30;
    %load/vec4 v0x63068691a400_0;
    %flag_set/vec4 8;
    %jmp/0xz  T_1.0, 8;
    %load/vec4 v0x63068691b240_0;
    %store/vec4 v0x63068683ee90_0, 0, 16;
    %load/vec4 v0x6306869198b0_0;
    %pad/u 16;
    %store/vec4 v0x6306869192d0_0, 0, 16;
    %jmp T_1.1;
T_1.0 ;
    %load/vec4 v0x63068691b240_0;
    %store/vec4 v0x63068683ee90_0, 0, 16;
    %load/vec4 v0x63068691b400_0;
    %store/vec4 v0x6306869192d0_0, 0, 16;
T_1.1 ;
    %load/vec4 v0x630686919e70_0;
    %flag_set/vec4 8;
    %jmp/0xz  T_1.2, 8;
    %load/vec4 v0x63068683ee90_0;
    %load/vec4 v0x6306869192d0_0;
    %add;
    %assign/vec4 v0x63068691b680_0, 0;
    %jmp T_1.3;
T_1.2 ;
    %load/vec4 v0x63068691a580_0;
    %flag_set/vec4 8;
    %jmp/0xz  T_1.4, 8;
    %load/vec4 v0x63068683ee90_0;
    %load/vec4 v0x6306869192d0_0;
    %add;
    %assign/vec4 v0x63068691b680_0, 0;
    %jmp T_1.5;
T_1.4 ;
    %load/vec4 v0x63068691b000_0;
    %flag_set/vec4 8;
    %jmp/0xz  T_1.6, 8;
    %load/vec4 v0x63068683ee90_0;
    %load/vec4 v0x6306869192d0_0;
    %add;
    %assign/vec4 v0x63068691b680_0, 0;
    %jmp T_1.7;
T_1.6 ;
    %load/vec4 v0x63068691b180_0;
    %flag_set/vec4 8;
    %jmp/0xz  T_1.8, 8;
    %load/vec4 v0x63068683ee90_0;
    %load/vec4 v0x6306869192d0_0;
    %sub;
    %assign/vec4 v0x63068691b680_0, 0;
    %jmp T_1.9;
T_1.8 ;
    %load/vec4 v0x63068691ab80_0;
    %flag_set/vec4 8;
    %jmp/0xz  T_1.10, 8;
    %load/vec4 v0x63068683ee90_0;
    %load/vec4 v0x6306869192d0_0;
    %mul;
    %assign/vec4 v0x63068691b680_0, 0;
    %jmp T_1.11;
T_1.10 ;
    %load/vec4 v0x63068691a280_0;
    %flag_set/vec4 8;
    %jmp/0xz  T_1.12, 8;
    %load/vec4 v0x63068683ee90_0;
    %load/vec4 v0x6306869192d0_0;
    %cmp/e;
    %jmp/0xz  T_1.14, 4;
    %pushi/vec4 1, 0, 16;
    %assign/vec4 v0x63068691b680_0, 0;
    %pushi/vec4 1, 0, 16;
    %ix/load 4, 7, 0;
    %flag_set/imm 4, 0;
    %store/vec4a v0x63068691b5c0, 4, 0;
    %jmp T_1.15;
T_1.14 ;
    %load/vec4 v0x6306869192d0_0;
    %load/vec4 v0x63068683ee90_0;
    %cmp/u;
    %jmp/0xz  T_1.16, 5;
    %pushi/vec4 0, 0, 16;
    %assign/vec4 v0x63068691b680_0, 0;
    %pushi/vec4 2, 0, 16;
    %ix/load 4, 7, 0;
    %flag_set/imm 4, 0;
    %store/vec4a v0x63068691b5c0, 4, 0;
    %jmp T_1.17;
T_1.16 ;
    %pushi/vec4 0, 0, 16;
    %assign/vec4 v0x63068691b680_0, 0;
    %pushi/vec4 0, 0, 16;
    %ix/load 4, 7, 0;
    %flag_set/imm 4, 0;
    %store/vec4a v0x63068691b5c0, 4, 0;
T_1.17 ;
T_1.15 ;
    %vpi_func 2 125 "$fopen" 32, "registers.hex", "w" {0 0 0};
    %store/vec4 v0x6306869196f0_0, 0, 32;
    %load/vec4 v0x6306869196f0_0;
    %cmpi/ne 0, 0, 32;
    %jmp/0xz  T_1.18, 4;
    %vpi_call 2 127 "$display", "Writing modified data..." {0 0 0};
    %pushi/vec4 0, 0, 32;
    %store/vec4 v0x6306869197d0_0, 0, 32;
T_1.20 ;
    %load/vec4 v0x6306869197d0_0;
    %cmpi/s 8, 0, 32;
    %jmp/0xz T_1.21, 5;
    %vpi_call 2 130 "$fwrite", v0x6306869196f0_0, "%h\012", &A<v0x63068691b5c0, v0x6306869197d0_0 > {0 0 0};
    %vpi_call 2 131 "$display", "Data written to register file successfully. %h", &A<v0x63068691b5c0, v0x6306869197d0_0 > {0 0 0};
    %load/vec4 v0x6306869197d0_0;
    %addi 1, 0, 32;
    %store/vec4 v0x6306869197d0_0, 0, 32;
    %jmp T_1.20;
T_1.21 ;
    %vpi_call 2 133 "$fclose", v0x6306869196f0_0 {0 0 0};
    %vpi_call 2 134 "$display", "Data written to register file successfully." {0 0 0};
    %jmp T_1.19;
T_1.18 ;
    %vpi_call 2 136 "$display", "Error: Could not open file for writing." {0 0 0};
T_1.19 ;
    %jmp T_1.13;
T_1.12 ;
    %load/vec4 v0x63068691aa00_0;
    %flag_set/vec4 8;
    %jmp/0xz  T_1.22, 8;
    %load/vec4 v0x6306869192d0_0;
    %assign/vec4 v0x63068691b680_0, 0;
    %jmp T_1.23;
T_1.22 ;
    %load/vec4 v0x63068691ae80_0;
    %flag_set/vec4 8;
    %jmp/0xz  T_1.24, 8;
    %load/vec4 v0x63068683ee90_0;
    %load/vec4 v0x6306869192d0_0;
    %or;
    %assign/vec4 v0x63068691b680_0, 0;
    %jmp T_1.25;
T_1.24 ;
    %load/vec4 v0x63068691a100_0;
    %flag_set/vec4 8;
    %jmp/0xz  T_1.26, 8;
    %load/vec4 v0x63068683ee90_0;
    %load/vec4 v0x6306869192d0_0;
    %and;
    %assign/vec4 v0x63068691b680_0, 0;
    %jmp T_1.27;
T_1.26 ;
    %load/vec4 v0x63068691ad00_0;
    %flag_set/vec4 8;
    %jmp/0xz  T_1.28, 8;
    %load/vec4 v0x63068683ee90_0;
    %inv;
    %assign/vec4 v0x63068691b680_0, 0;
    %jmp T_1.29;
T_1.28 ;
    %load/vec4 v0x63068691a700_0;
    %flag_set/vec4 8;
    %jmp/0xz  T_1.30, 8;
    %load/vec4 v0x63068683ee90_0;
    %ix/getv 4, v0x6306869192d0_0;
    %shiftl 4;
    %assign/vec4 v0x63068691b680_0, 0;
    %jmp T_1.31;
T_1.30 ;
    %load/vec4 v0x63068691a880_0;
    %flag_set/vec4 8;
    %jmp/0xz  T_1.32, 8;
    %load/vec4 v0x63068683ee90_0;
    %ix/getv 4, v0x6306869192d0_0;
    %shiftr 4;
    %assign/vec4 v0x63068691b680_0, 0;
    %jmp T_1.33;
T_1.32 ;
    %pushi/vec4 0, 0, 16;
    %assign/vec4 v0x63068691b680_0, 0;
T_1.33 ;
T_1.31 ;
T_1.29 ;
T_1.27 ;
T_1.25 ;
T_1.23 ;
T_1.13 ;
T_1.11 ;
T_1.9 ;
T_1.7 ;
T_1.5 ;
T_1.3 ;
    %load/vec4 v0x630686919db0_0;
    %assign/vec4 v0x630686919e70_0, 0;
    %load/vec4 v0x63068691a4c0_0;
    %assign/vec4 v0x63068691a580_0, 0;
    %load/vec4 v0x63068691af40_0;
    %assign/vec4 v0x63068691b000_0, 0;
    %load/vec4 v0x63068691b0c0_0;
    %assign/vec4 v0x63068691b180_0, 0;
    %load/vec4 v0x63068691aac0_0;
    %assign/vec4 v0x63068691ab80_0, 0;
    %load/vec4 v0x63068691a1c0_0;
    %assign/vec4 v0x63068691a280_0, 0;
    %load/vec4 v0x63068691a940_0;
    %assign/vec4 v0x63068691aa00_0, 0;
    %load/vec4 v0x63068691adc0_0;
    %assign/vec4 v0x63068691ae80_0, 0;
    %load/vec4 v0x630686919f30_0;
    %assign/vec4 v0x63068691a100_0, 0;
    %load/vec4 v0x63068691ac40_0;
    %assign/vec4 v0x63068691ad00_0, 0;
    %load/vec4 v0x63068691a640_0;
    %assign/vec4 v0x63068691a700_0, 0;
    %load/vec4 v0x63068691a7c0_0;
    %assign/vec4 v0x63068691a880_0, 0;
    %load/vec4 v0x63068691a340_0;
    %assign/vec4 v0x63068691a400_0, 0;
    %load/vec4 v0x63068691b240_0;
    %assign/vec4 v0x63068691b320_0, 0;
    %load/vec4 v0x63068691b400_0;
    %assign/vec4 v0x63068691b4e0_0, 0;
    %load/vec4 v0x630686919a70_0;
    %pad/u 1;
    %assign/vec4 v0x630686919c30_0, 0;
    %load/vec4 v0x630686919c30_0;
    %assign/vec4 v0x630686919cf0_0, 0;
    %jmp T_1;
    .thread T_1;
    .scope S_0x6306868da410;
T_2 ;
    %wait E_0x630686904e70;
    %load/vec4 v0x63068691e070_0;
    %flag_set/vec4 8;
    %jmp/0xz  T_2.0, 8;
    %pushi/vec4 0, 0, 1;
    %assign/vec4 v0x63068691ba60_0, 0;
    %pushi/vec4 0, 0, 1;
    %assign/vec4 v0x63068691d990_0, 0;
    %pushi/vec4 0, 0, 1;
    %assign/vec4 v0x63068691ce80_0, 0;
    %pushi/vec4 0, 0, 1;
    %assign/vec4 v0x63068691c580_0, 0;
    %pushi/vec4 0, 0, 1;
    %assign/vec4 v0x63068691d750_0, 0;
    %pushi/vec4 0, 0, 1;
    %assign/vec4 v0x63068691c340_0, 0;
    %pushi/vec4 0, 0, 1;
    %assign/vec4 v0x63068691cc40_0, 0;
    %pushi/vec4 0, 0, 1;
    %assign/vec4 v0x63068691d510_0, 0;
    %pushi/vec4 0, 0, 1;
    %assign/vec4 v0x63068691bc80_0, 0;
    %pushi/vec4 0, 0, 1;
    %assign/vec4 v0x63068691d0c0_0, 0;
    %pushi/vec4 0, 0, 1;
    %assign/vec4 v0x63068691c7c0_0, 0;
    %pushi/vec4 0, 0, 1;
    %assign/vec4 v0x63068691ca00_0, 0;
    %pushi/vec4 0, 0, 1;
    %assign/vec4 v0x63068691bec0_0, 0;
    %pushi/vec4 0, 0, 1;
    %assign/vec4 v0x63068691c100_0, 0;
    %pushi/vec4 0, 0, 1;
    %assign/vec4 v0x63068691de10_0, 0;
    %pushi/vec4 0, 0, 1;
    %assign/vec4 v0x63068691dbd0_0, 0;
    %jmp T_2.1;
T_2.0 ;
    %load/vec4 v0x63068691e130_0;
    %nor/r;
    %flag_set/vec4 8;
    %jmp/0xz  T_2.2, 8;
    %pushi/vec4 0, 0, 1;
    %assign/vec4 v0x63068691ba60_0, 0;
    %pushi/vec4 0, 0, 1;
    %assign/vec4 v0x63068691d990_0, 0;
    %pushi/vec4 0, 0, 1;
    %assign/vec4 v0x63068691ce80_0, 0;
    %pushi/vec4 0, 0, 1;
    %assign/vec4 v0x63068691c580_0, 0;
    %pushi/vec4 0, 0, 1;
    %assign/vec4 v0x63068691d750_0, 0;
    %pushi/vec4 0, 0, 1;
    %assign/vec4 v0x63068691c340_0, 0;
    %pushi/vec4 0, 0, 1;
    %assign/vec4 v0x63068691cc40_0, 0;
    %pushi/vec4 0, 0, 1;
    %assign/vec4 v0x63068691d510_0, 0;
    %pushi/vec4 0, 0, 1;
    %assign/vec4 v0x63068691bc80_0, 0;
    %pushi/vec4 0, 0, 1;
    %assign/vec4 v0x63068691d0c0_0, 0;
    %pushi/vec4 0, 0, 1;
    %assign/vec4 v0x63068691c7c0_0, 0;
    %pushi/vec4 0, 0, 1;
    %assign/vec4 v0x63068691ca00_0, 0;
    %pushi/vec4 0, 0, 1;
    %assign/vec4 v0x63068691bec0_0, 0;
    %pushi/vec4 0, 0, 1;
    %assign/vec4 v0x63068691c100_0, 0;
    %pushi/vec4 0, 0, 1;
    %assign/vec4 v0x63068691de10_0, 0;
    %pushi/vec4 0, 0, 1;
    %assign/vec4 v0x63068691dbd0_0, 0;
    %load/vec4 v0x63068691df90_0;
    %dup/vec4;
    %pushi/vec4 1, 0, 4;
    %cmp/u;
    %jmp/1 T_2.4, 6;
    %dup/vec4;
    %pushi/vec4 2, 0, 4;
    %cmp/u;
    %jmp/1 T_2.5, 6;
    %dup/vec4;
    %pushi/vec4 3, 0, 4;
    %cmp/u;
    %jmp/1 T_2.6, 6;
    %dup/vec4;
    %pushi/vec4 9, 0, 4;
    %cmp/u;
    %jmp/1 T_2.7, 6;
    %dup/vec4;
    %pushi/vec4 8, 0, 4;
    %cmp/u;
    %jmp/1 T_2.8, 6;
    %dup/vec4;
    %pushi/vec4 10, 0, 4;
    %cmp/u;
    %jmp/1 T_2.9, 6;
    %dup/vec4;
    %pushi/vec4 7, 0, 4;
    %cmp/u;
    %jmp/1 T_2.10, 6;
    %dup/vec4;
    %pushi/vec4 4, 0, 4;
    %cmp/u;
    %jmp/1 T_2.11, 6;
    %dup/vec4;
    %pushi/vec4 11, 0, 4;
    %cmp/u;
    %jmp/1 T_2.12, 6;
    %dup/vec4;
    %pushi/vec4 13, 0, 4;
    %cmp/u;
    %jmp/1 T_2.13, 6;
    %dup/vec4;
    %pushi/vec4 5, 0, 4;
    %cmp/u;
    %jmp/1 T_2.14, 6;
    %dup/vec4;
    %pushi/vec4 6, 0, 4;
    %cmp/u;
    %jmp/1 T_2.15, 6;
    %dup/vec4;
    %pushi/vec4 14, 0, 4;
    %cmp/u;
    %jmp/1 T_2.16, 6;
    %dup/vec4;
    %pushi/vec4 15, 0, 4;
    %cmp/u;
    %jmp/1 T_2.17, 6;
    %dup/vec4;
    %pushi/vec4 12, 0, 4;
    %cmp/u;
    %jmp/1 T_2.18, 6;
    %jmp T_2.20;
T_2.4 ;
    %pushi/vec4 1, 0, 1;
    %assign/vec4 v0x63068691ba60_0, 0;
    %pushi/vec4 1, 0, 1;
    %assign/vec4 v0x63068691de10_0, 0;
    %jmp T_2.20;
T_2.5 ;
    %pushi/vec4 1, 0, 1;
    %assign/vec4 v0x63068691d990_0, 0;
    %pushi/vec4 1, 0, 1;
    %assign/vec4 v0x63068691de10_0, 0;
    %jmp T_2.20;
T_2.6 ;
    %pushi/vec4 1, 0, 1;
    %assign/vec4 v0x63068691ce80_0, 0;
    %pushi/vec4 1, 0, 1;
    %assign/vec4 v0x63068691de10_0, 0;
    %jmp T_2.20;
T_2.7 ;
    %pushi/vec4 1, 0, 1;
    %assign/vec4 v0x63068691bc80_0, 0;
    %pushi/vec4 1, 0, 1;
    %assign/vec4 v0x63068691de10_0, 0;
    %jmp T_2.20;
T_2.8 ;
    %pushi/vec4 1, 0, 1;
    %assign/vec4 v0x63068691d510_0, 0;
    %pushi/vec4 1, 0, 1;
    %assign/vec4 v0x63068691de10_0, 0;
    %jmp T_2.20;
T_2.9 ;
    %pushi/vec4 1, 0, 1;
    %assign/vec4 v0x63068691d0c0_0, 0;
    %pushi/vec4 1, 0, 1;
    %assign/vec4 v0x63068691de10_0, 0;
    %jmp T_2.20;
T_2.10 ;
    %pushi/vec4 1, 0, 1;
    %assign/vec4 v0x63068691cc40_0, 0;
    %pushi/vec4 1, 0, 1;
    %assign/vec4 v0x63068691de10_0, 0;
    %jmp T_2.20;
T_2.11 ;
    %pushi/vec4 1, 0, 1;
    %assign/vec4 v0x63068691c580_0, 0;
    %pushi/vec4 1, 0, 1;
    %assign/vec4 v0x63068691de10_0, 0;
    %jmp T_2.20;
T_2.12 ;
    %pushi/vec4 1, 0, 1;
    %assign/vec4 v0x63068691c7c0_0, 0;
    %pushi/vec4 1, 0, 1;
    %assign/vec4 v0x63068691de10_0, 0;
    %jmp T_2.20;
T_2.13 ;
    %pushi/vec4 1, 0, 1;
    %assign/vec4 v0x63068691ca00_0, 0;
    %pushi/vec4 1, 0, 1;
    %assign/vec4 v0x63068691de10_0, 0;
    %jmp T_2.20;
T_2.14 ;
    %pushi/vec4 1, 0, 1;
    %assign/vec4 v0x63068691d750_0, 0;
    %pushi/vec4 0, 0, 1;
    %assign/vec4 v0x63068691de10_0, 0;
    %jmp T_2.20;
T_2.15 ;
    %pushi/vec4 1, 0, 1;
    %assign/vec4 v0x63068691c340_0, 0;
    %pushi/vec4 0, 0, 1;
    %assign/vec4 v0x63068691de10_0, 0;
    %jmp T_2.20;
T_2.16 ;
    %pushi/vec4 1, 0, 1;
    %assign/vec4 v0x63068691bec0_0, 0;
    %pushi/vec4 0, 0, 1;
    %assign/vec4 v0x63068691de10_0, 0;
    %jmp T_2.20;
T_2.17 ;
    %pushi/vec4 1, 0, 1;
    %assign/vec4 v0x63068691c100_0, 0;
    %pushi/vec4 0, 0, 1;
    %assign/vec4 v0x63068691de10_0, 0;
    %jmp T_2.20;
T_2.18 ;
    %pushi/vec4 1, 0, 1;
    %assign/vec4 v0x63068691dbd0_0, 0;
    %pushi/vec4 0, 0, 1;
    %assign/vec4 v0x63068691de10_0, 0;
    %jmp T_2.20;
T_2.20 ;
    %pop/vec4 1;
T_2.2 ;
T_2.1 ;
    %load/vec4 v0x63068691ba60_0;
    %assign/vec4 v0x63068691bb00_0, 0;
    %load/vec4 v0x63068691d990_0;
    %assign/vec4 v0x63068691da50_0, 0;
    %load/vec4 v0x63068691ce80_0;
    %assign/vec4 v0x63068691cf40_0, 0;
    %load/vec4 v0x63068691c580_0;
    %assign/vec4 v0x63068691c640_0, 0;
    %load/vec4 v0x63068691d750_0;
    %assign/vec4 v0x63068691d810_0, 0;
    %load/vec4 v0x63068691c340_0;
    %assign/vec4 v0x63068691c400_0, 0;
    %load/vec4 v0x63068691cc40_0;
    %assign/vec4 v0x63068691cd00_0, 0;
    %load/vec4 v0x63068691d510_0;
    %assign/vec4 v0x63068691d5d0_0, 0;
    %load/vec4 v0x63068691bc80_0;
    %assign/vec4 v0x63068691bd40_0, 0;
    %load/vec4 v0x63068691d0c0_0;
    %assign/vec4 v0x63068691d390_0, 0;
    %load/vec4 v0x63068691c7c0_0;
    %assign/vec4 v0x63068691c880_0, 0;
    %load/vec4 v0x63068691ca00_0;
    %assign/vec4 v0x63068691cac0_0, 0;
    %load/vec4 v0x63068691bec0_0;
    %assign/vec4 v0x63068691bf80_0, 0;
    %load/vec4 v0x63068691c100_0;
    %assign/vec4 v0x63068691c1c0_0, 0;
    %load/vec4 v0x63068691de10_0;
    %assign/vec4 v0x63068691ded0_0, 0;
    %load/vec4 v0x63068691dbd0_0;
    %assign/vec4 v0x63068691dc90_0, 0;
    %jmp T_2;
    .thread T_2;
    .scope S_0x6306868da7f0;
T_3 ;
    %vpi_call 4 33 "$readmemh", "registers.hex", v0x63068691f9c0 {0 0 0};
    %end;
    .thread T_3;
    .scope S_0x6306868da7f0;
T_4 ;
    %wait E_0x630686904eb0;
    %load/vec4 v0x63068691fa80_0;
    %flag_set/vec4 8;
    %jmp/0xz  T_4.0, 8;
    %pushi/vec4 0, 0, 4;
    %assign/vec4 v0x63068691f560_0, 0;
    %pushi/vec4 0, 0, 5;
    %assign/vec4 v0x63068691ebe0_0, 0;
    %pushi/vec4 0, 0, 16;
    %assign/vec4 v0x63068691e660_0, 0;
    %pushi/vec4 0, 0, 16;
    %assign/vec4 v0x63068691f020_0, 0;
    %pushi/vec4 0, 0, 16;
    %assign/vec4 v0x63068691f2c0_0, 0;
    %pushi/vec4 0, 0, 1;
    %assign/vec4 v0x63068691ea60_0, 0;
    %jmp T_4.1;
T_4.0 ;
    %load/vec4 v0x63068691ee80_0;
    %flag_set/vec4 8;
    %jmp/0xz  T_4.2, 8;
    %pushi/vec4 0, 0, 4;
    %assign/vec4 v0x63068691f560_0, 0;
    %pushi/vec4 0, 0, 5;
    %assign/vec4 v0x63068691ebe0_0, 0;
    %pushi/vec4 0, 0, 1;
    %assign/vec4 v0x63068691ea60_0, 0;
    %pushi/vec4 0, 0, 16;
    %assign/vec4 v0x63068691f020_0, 0;
    %pushi/vec4 0, 0, 16;
    %assign/vec4 v0x63068691f2c0_0, 0;
    %pushi/vec4 0, 0, 16;
    %assign/vec4 v0x63068691e660_0, 0;
    %jmp T_4.3;
T_4.2 ;
    %load/vec4 v0x63068691fd00_0;
    %nor/r;
    %flag_set/vec4 8;
    %jmp/0xz  T_4.4, 8;
    %load/vec4 v0x63068691f800_0;
    %parti/s 1, 19, 6;
    %pad/u 32;
    %pushi/vec4 0, 0, 32;
    %cmp/e;
    %flag_get/vec4 4;
    %load/vec4 v0x63068691f800_0;
    %parti/s 3, 0, 2;
    %load/vec4 v0x63068691eda0_0;
    %parti/s 3, 5, 4;
    %cmp/e;
    %flag_get/vec4 4;
    %and;
    %flag_set/vec4 8;
    %jmp/0xz  T_4.6, 8;
    %load/vec4 v0x63068691f800_0;
    %parti/s 16, 3, 3;
    %assign/vec4 v0x63068691f020_0, 0;
    %jmp T_4.7;
T_4.6 ;
    %load/vec4 v0x63068691f8e0_0;
    %parti/s 1, 19, 6;
    %pad/u 32;
    %pushi/vec4 0, 0, 32;
    %cmp/e;
    %flag_get/vec4 4;
    %load/vec4 v0x63068691f8e0_0;
    %parti/s 3, 0, 2;
    %load/vec4 v0x63068691eda0_0;
    %parti/s 3, 5, 4;
    %cmp/e;
    %flag_get/vec4 4;
    %and;
    %flag_set/vec4 8;
    %jmp/0xz  T_4.8, 8;
    %load/vec4 v0x63068691f8e0_0;
    %parti/s 16, 3, 3;
    %assign/vec4 v0x63068691f020_0, 0;
    %jmp T_4.9;
T_4.8 ;
    %load/vec4 v0x63068691eda0_0;
    %parti/s 3, 5, 4;
    %pad/u 5;
    %ix/vec4 4;
    %load/vec4a v0x63068691f9c0, 4;
    %assign/vec4 v0x63068691f020_0, 0;
T_4.9 ;
T_4.7 ;
    %load/vec4 v0x63068691f800_0;
    %parti/s 1, 19, 6;
    %pad/u 32;
    %pushi/vec4 0, 0, 32;
    %cmp/e;
    %flag_get/vec4 4;
    %load/vec4 v0x63068691eda0_0;
    %parti/s 1, 11, 5;
    %pad/u 32;
    %pushi/vec4 0, 0, 32;
    %cmp/e;
    %flag_get/vec4 4;
    %and;
    %load/vec4 v0x63068691f800_0;
    %parti/s 3, 0, 2;
    %load/vec4 v0x63068691eda0_0;
    %parti/s 3, 2, 3;
    %cmp/e;
    %flag_get/vec4 4;
    %and;
    %flag_set/vec4 8;
    %jmp/0xz  T_4.10, 8;
    %load/vec4 v0x63068691f800_0;
    %parti/s 16, 3, 3;
    %assign/vec4 v0x63068691f2c0_0, 0;
    %jmp T_4.11;
T_4.10 ;
    %load/vec4 v0x63068691f8e0_0;
    %parti/s 1, 19, 6;
    %pad/u 32;
    %pushi/vec4 0, 0, 32;
    %cmp/e;
    %flag_get/vec4 4;
    %load/vec4 v0x63068691eda0_0;
    %parti/s 1, 11, 5;
    %pad/u 32;
    %pushi/vec4 0, 0, 32;
    %cmp/e;
    %flag_get/vec4 4;
    %and;
    %load/vec4 v0x63068691f8e0_0;
    %parti/s 3, 0, 2;
    %load/vec4 v0x63068691eda0_0;
    %parti/s 3, 2, 3;
    %cmp/e;
    %flag_get/vec4 4;
    %and;
    %flag_set/vec4 8;
    %jmp/0xz  T_4.12, 8;
    %load/vec4 v0x63068691f8e0_0;
    %parti/s 16, 3, 3;
    %assign/vec4 v0x63068691f2c0_0, 0;
    %jmp T_4.13;
T_4.12 ;
    %load/vec4 v0x63068691eda0_0;
    %parti/s 1, 11, 5;
    %pad/u 32;
    %cmpi/e 0, 0, 32;
    %jmp/0xz  T_4.14, 4;
    %load/vec4 v0x63068691eda0_0;
    %parti/s 3, 2, 3;
    %pad/u 5;
    %ix/vec4 4;
    %load/vec4a v0x63068691f9c0, 4;
    %assign/vec4 v0x63068691f2c0_0, 0;
    %jmp T_4.15;
T_4.14 ;
    %pushi/vec4 0, 0, 11;
    %load/vec4 v0x63068691eda0_0;
    %parti/s 5, 0, 2;
    %concat/vec4; draw_concat_vec4
    %assign/vec4 v0x63068691f2c0_0, 0;
T_4.15 ;
T_4.13 ;
T_4.11 ;
    %load/vec4 v0x63068691eda0_0;
    %parti/s 4, 12, 5;
    %assign/vec4 v0x63068691f560_0, 0;
    %load/vec4 v0x63068691eda0_0;
    %parti/s 1, 11, 5;
    %assign/vec4 v0x63068691ea60_0, 0;
    %load/vec4 v0x63068691eda0_0;
    %parti/s 3, 8, 5;
    %store/vec4 v0x63068691f720_0, 0, 3;
    %load/vec4 v0x63068691eda0_0;
    %parti/s 3, 5, 4;
    %store/vec4 v0x63068691fb40_0, 0, 3;
    %load/vec4 v0x63068691eda0_0;
    %parti/s 5, 0, 2;
    %assign/vec4 v0x63068691ebe0_0, 0;
    %load/vec4 v0x63068691eda0_0;
    %parti/s 3, 2, 3;
    %store/vec4 v0x63068691fc20_0, 0, 3;
    %pushi/vec4 0, 0, 5;
    %load/vec4 v0x63068691eda0_0;
    %parti/s 11, 0, 2;
    %concat/vec4; draw_concat_vec4
    %assign/vec4 v0x63068691e660_0, 0;
T_4.4 ;
T_4.3 ;
T_4.1 ;
    %load/vec4 v0x63068691f560_0;
    %assign/vec4 v0x63068691f640_0, 0;
    %load/vec4 v0x63068691ebe0_0;
    %assign/vec4 v0x63068691ecc0_0, 0;
    %load/vec4 v0x63068691e660_0;
    %assign/vec4 v0x63068691e740_0, 0;
    %load/vec4 v0x63068691f020_0;
    %assign/vec4 v0x63068691f100_0, 0;
    %load/vec4 v0x63068691f2c0_0;
    %assign/vec4 v0x63068691f3a0_0, 0;
    %load/vec4 v0x63068691ea60_0;
    %assign/vec4 v0x63068691eb20_0, 0;
    %load/vec4 v0x63068691fd00_0;
    %flag_set/vec4 8;
    %jmp/0xz  T_4.16, 8;
    %pushi/vec4 0, 0, 4;
    %assign/vec4 v0x63068691f640_0, 0;
    %pushi/vec4 0, 0, 5;
    %assign/vec4 v0x63068691ecc0_0, 0;
    %pushi/vec4 0, 0, 1;
    %assign/vec4 v0x63068691eb20_0, 0;
    %pushi/vec4 0, 0, 16;
    %assign/vec4 v0x63068691e740_0, 0;
    %pushi/vec4 0, 0, 16;
    %assign/vec4 v0x63068691f100_0, 0;
    %pushi/vec4 0, 0, 16;
    %assign/vec4 v0x63068691f3a0_0, 0;
T_4.16 ;
    %jmp T_4;
    .thread T_4;
    .scope S_0x6306868e16a0;
T_5 ;
    %wait E_0x6306869200a0;
    %load/vec4 v0x630686920a20_0;
    %parti/s 16, 0, 2;
    %ix/load 4, 0, 0;
    %flag_set/imm 4, 0;
    %store/vec4a v0x630686920860, 4, 0;
    %load/vec4 v0x630686920a20_0;
    %parti/s 16, 16, 6;
    %ix/load 4, 1, 0;
    %flag_set/imm 4, 0;
    %store/vec4a v0x630686920860, 4, 0;
    %load/vec4 v0x630686920a20_0;
    %parti/s 16, 32, 7;
    %ix/load 4, 2, 0;
    %flag_set/imm 4, 0;
    %store/vec4a v0x630686920860, 4, 0;
    %load/vec4 v0x630686920a20_0;
    %parti/s 16, 48, 7;
    %ix/load 4, 3, 0;
    %flag_set/imm 4, 0;
    %store/vec4a v0x630686920860, 4, 0;
    %load/vec4 v0x630686920a20_0;
    %parti/s 16, 64, 8;
    %ix/load 4, 4, 0;
    %flag_set/imm 4, 0;
    %store/vec4a v0x630686920860, 4, 0;
    %load/vec4 v0x630686920a20_0;
    %parti/s 16, 80, 8;
    %ix/load 4, 5, 0;
    %flag_set/imm 4, 0;
    %store/vec4a v0x630686920860, 4, 0;
    %load/vec4 v0x630686920a20_0;
    %parti/s 16, 96, 8;
    %ix/load 4, 6, 0;
    %flag_set/imm 4, 0;
    %store/vec4a v0x630686920860, 4, 0;
    %load/vec4 v0x630686920a20_0;
    %parti/s 16, 112, 8;
    %ix/load 4, 7, 0;
    %flag_set/imm 4, 0;
    %store/vec4a v0x630686920860, 4, 0;
    %pushi/vec4 0, 0, 32;
    %store/vec4 v0x6306869203a0_0, 0, 32;
T_5.0 ;
    %load/vec4 v0x6306869203a0_0;
    %cmpi/s 8, 0, 32;
    %jmp/0xz T_5.1, 5;
    %vpi_call 5 26 "$display", "reg_file[%0d] = %h", v0x6306869203a0_0, &A<v0x630686920860, v0x6306869203a0_0 > {0 0 0};
    %load/vec4 v0x6306869203a0_0;
    %addi 1, 0, 32;
    %store/vec4 v0x6306869203a0_0, 0, 32;
    %jmp T_5.0;
T_5.1 ;
    %jmp T_5;
    .thread T_5, $push;
    .scope S_0x6306868e16a0;
T_6 ;
    %wait E_0x63068691ffd0;
    %load/vec4 v0x6306869207a0_0;
    %flag_set/vec4 8;
    %load/vec4 v0x630686920480_0;
    %ix/load 4, 7, 0;
    %flag_set/imm 4, 0;
    %load/vec4a v0x630686920860, 4;
    %pad/u 32;
    %pushi/vec4 1, 0, 32;
    %cmp/e;
    %flag_get/vec4 4;
    %and;
    %flag_set/vec4 9;
    %flag_or 9, 8;
    %load/vec4 v0x630686920540_0;
    %ix/load 4, 7, 0;
    %flag_set/imm 4, 0;
    %load/vec4a v0x630686920860, 4;
    %pad/u 32;
    %pushi/vec4 2, 0, 32;
    %cmp/e;
    %flag_get/vec4 4;
    %and;
    %flag_set/vec4 8;
    %flag_or 8, 9;
    %jmp/0xz  T_6.0, 8;
    %load/vec4 v0x630686920100_0;
    %store/vec4 v0x6306869202e0_0, 0, 16;
    %pushi/vec4 1, 0, 16;
    %store/vec4 v0x6306869206c0_0, 0, 16;
    %jmp T_6.1;
T_6.0 ;
    %pushi/vec4 0, 0, 16;
    %store/vec4 v0x6306869202e0_0, 0, 16;
    %pushi/vec4 0, 0, 16;
    %store/vec4 v0x6306869206c0_0, 0, 16;
T_6.1 ;
    %jmp T_6;
    .thread T_6, $push;
    .scope S_0x6306868e1a90;
T_7 ;
    %vpi_call 6 18 "$readmemh", "instructions.hex", v0x630686921290 {0 0 0};
    %pushi/vec4 0, 0, 16;
    %ix/load 3, 0, 0;
    %flag_set/imm 4, 0;
    %ix/load 4, 0, 0; Constant delay
    %assign/vec4/a/d v0x630686920d60, 0, 4;
    %pushi/vec4 0, 0, 16;
    %ix/load 3, 1, 0;
    %flag_set/imm 4, 0;
    %ix/load 4, 0, 0; Constant delay
    %assign/vec4/a/d v0x630686920d60, 0, 4;
    %pushi/vec4 0, 0, 16;
    %assign/vec4 v0x630686920fa0_0, 0;
    %pushi/vec4 0, 0, 16;
    %assign/vec4 v0x6306869211b0_0, 0;
    %end;
    .thread T_7;
    .scope S_0x6306868e1a90;
T_8 ;
    %wait E_0x6306868962d0;
    %load/vec4 v0x6306869215b0_0;
    %flag_set/vec4 8;
    %jmp/0xz  T_8.0, 8;
    %pushi/vec4 0, 0, 16;
    %assign/vec4 v0x6306869214d0_0, 0;
    %pushi/vec4 0, 0, 16;
    %ix/load 3, 0, 0;
    %flag_set/imm 4, 0;
    %ix/load 4, 0, 0; Constant delay
    %assign/vec4/a/d v0x630686920d60, 0, 4;
    %pushi/vec4 0, 0, 16;
    %ix/load 3, 1, 0;
    %flag_set/imm 4, 0;
    %ix/load 4, 0, 0; Constant delay
    %assign/vec4/a/d v0x630686920d60, 0, 4;
    %jmp T_8.1;
T_8.0 ;
    %load/vec4 v0x630686921350_0;
    %flag_set/vec4 8;
    %jmp/0xz  T_8.2, 8;
    %load/vec4 v0x630686920c60_0;
    %assign/vec4 v0x6306869214d0_0, 0;
    %pushi/vec4 0, 0, 16;
    %ix/load 3, 0, 0;
    %flag_set/imm 4, 0;
    %ix/load 4, 0, 0; Constant delay
    %assign/vec4/a/d v0x630686920d60, 0, 4;
    %pushi/vec4 0, 0, 16;
    %ix/load 3, 1, 0;
    %flag_set/imm 4, 0;
    %ix/load 4, 0, 0; Constant delay
    %assign/vec4/a/d v0x630686920d60, 0, 4;
    %jmp T_8.3;
T_8.2 ;
    %load/vec4 v0x630686921670_0;
    %flag_set/vec4 8;
    %jmp/0xz  T_8.4, 8;
    %ix/load 4, 0, 0;
    %flag_set/imm 4, 0;
    %load/vec4a v0x630686920d60, 4;
    %ix/load 3, 0, 0;
    %flag_set/imm 4, 0;
    %ix/load 4, 0, 0; Constant delay
    %assign/vec4/a/d v0x630686920d60, 0, 4;
    %ix/load 4, 1, 0;
    %flag_set/imm 4, 0;
    %load/vec4a v0x630686920d60, 4;
    %ix/load 3, 1, 0;
    %flag_set/imm 4, 0;
    %ix/load 4, 0, 0; Constant delay
    %assign/vec4/a/d v0x630686920d60, 0, 4;
    %jmp T_8.5;
T_8.4 ;
    %load/vec4 v0x630686921410_0;
    %nor/r;
    %flag_set/vec4 8;
    %jmp/0xz  T_8.6, 8;
    %ix/getv 4, v0x6306869214d0_0;
    %load/vec4a v0x630686921290, 4;
    %ix/load 3, 0, 0;
    %flag_set/imm 4, 0;
    %ix/load 4, 0, 0; Constant delay
    %assign/vec4/a/d v0x630686920d60, 0, 4;
    %load/vec4 v0x6306869214d0_0;
    %pad/u 33;
    %addi 1, 0, 33;
    %ix/vec4 4;
    %load/vec4a v0x630686921290, 4;
    %ix/load 3, 1, 0;
    %flag_set/imm 4, 0;
    %ix/load 4, 0, 0; Constant delay
    %assign/vec4/a/d v0x630686920d60, 0, 4;
    %load/vec4 v0x6306869214d0_0;
    %addi 2, 0, 16;
    %assign/vec4 v0x6306869214d0_0, 0;
    %jmp T_8.7;
T_8.6 ;
    %ix/getv 4, v0x6306869214d0_0;
    %load/vec4a v0x630686921290, 4;
    %ix/load 3, 0, 0;
    %flag_set/imm 4, 0;
    %ix/load 4, 0, 0; Constant delay
    %assign/vec4/a/d v0x630686920d60, 0, 4;
    %pushi/vec4 0, 0, 16;
    %ix/load 3, 1, 0;
    %flag_set/imm 4, 0;
    %ix/load 4, 0, 0; Constant delay
    %assign/vec4/a/d v0x630686920d60, 0, 4;
    %load/vec4 v0x6306869214d0_0;
    %addi 1, 0, 16;
    %assign/vec4 v0x6306869214d0_0, 0;
T_8.7 ;
T_8.5 ;
T_8.3 ;
T_8.1 ;
    %load/vec4 v0x630686921670_0;
    %nor/r;
    %flag_set/vec4 8;
    %jmp/0xz  T_8.8, 8;
    %ix/load 4, 0, 0;
    %flag_set/imm 4, 0;
    %load/vec4a v0x630686920d60, 4;
    %assign/vec4 v0x630686920fa0_0, 0;
    %ix/load 4, 1, 0;
    %flag_set/imm 4, 0;
    %load/vec4a v0x630686920d60, 4;
    %assign/vec4 v0x6306869211b0_0, 0;
    %jmp T_8.9;
T_8.8 ;
    %pushi/vec4 0, 0, 16;
    %assign/vec4 v0x630686920fa0_0, 0;
    %pushi/vec4 0, 0, 16;
    %assign/vec4 v0x6306869211b0_0, 0;
T_8.9 ;
    %jmp T_8;
    .thread T_8;
    .scope S_0x6306868eea80;
T_9 ;
    %vpi_call 7 14 "$readmemh", "data_memory.hex", v0x6306869221f0 {0 0 0};
    %pushi/vec4 0, 0, 16;
    %store/vec4 v0x630686922030_0, 0, 16;
    %pushi/vec4 0, 0, 16;
    %store/vec4 v0x630686921f50_0, 0, 16;
    %pushi/vec4 0, 0, 4;
    %store/vec4 v0x630686922390_0, 0, 4;
    %pushi/vec4 0, 0, 4;
    %store/vec4 v0x630686921cf0_0, 0, 4;
    %end;
    .thread T_9;
    .scope S_0x6306868eea80;
T_10 ;
    %wait E_0x630686921830;
    %load/vec4 v0x630686921dd0_0;
    %flag_set/vec4 8;
    %jmp/0xz  T_10.0, 8;
    %vpi_call 7 28 "$readmemh", "data_memory.hex", v0x6306869221f0 {0 0 0};
    %ix/getv 4, v0x6306869218b0_0;
    %load/vec4a v0x6306869221f0, 4;
    %assign/vec4 v0x630686922030_0, 0;
    %vpi_call 7 30 "$readmemh", "data_memory.hex", v0x6306869221f0 {0 0 0};
    %pushi/vec4 0, 0, 1;
    %ix/getv 4, v0x6306869218b0_0;
    %load/vec4a v0x6306869221f0, 4;
    %concat/vec4; draw_concat_vec4
    %load/vec4 v0x630686921c10_0;
    %parti/s 3, 5, 4;
    %concat/vec4; draw_concat_vec4
    %assign/vec4 v0x630686922630_0, 0;
    %vpi_call 7 32 "$display", "rdval = %h", v0x630686922630_0 {0 0 0};
    %jmp T_10.1;
T_10.0 ;
    %load/vec4 v0x630686921e90_0;
    %flag_set/vec4 8;
    %jmp/0xz  T_10.2, 8;
    %vpi_call 7 35 "$readmemh", "data_memory.hex", v0x6306869221f0 {0 0 0};
    %vpi_func 7 36 "$fopen" 32, "data_memory.hex", "w" {0 0 0};
    %store/vec4 v0x630686921a70_0, 0, 32;
    %load/vec4 v0x6306869222b0_0;
    %ix/getv 4, v0x6306869218b0_0;
    %store/vec4a v0x6306869221f0, 4, 0;
    %pushi/vec4 0, 0, 32;
    %store/vec4 v0x630686921b30_0, 0, 32;
T_10.4 ;
    %load/vec4 v0x630686921b30_0;
    %cmpi/s 32, 0, 32;
    %jmp/0xz T_10.5, 5;
    %vpi_call 7 39 "$fwrite", v0x630686921a70_0, "%h\012", &A<v0x6306869221f0, v0x630686921b30_0 > {0 0 0};
    %load/vec4 v0x630686921b30_0;
    %addi 1, 0, 32;
    %store/vec4 v0x630686921b30_0, 0, 32;
    %jmp T_10.4;
T_10.5 ;
    %pushi/vec4 0, 0, 16;
    %assign/vec4 v0x630686922030_0, 0;
    %vpi_call 7 42 "$fclose", v0x630686921a70_0 {0 0 0};
    %pushi/vec4 524288, 0, 20;
    %assign/vec4 v0x630686922630_0, 0;
    %vpi_call 7 44 "$display", "rdval = %h", v0x630686922630_0 {0 0 0};
    %jmp T_10.3;
T_10.2 ;
    %pushi/vec4 0, 0, 16;
    %assign/vec4 v0x630686922030_0, 0;
    %pushi/vec4 0, 0, 1;
    %load/vec4 v0x6306869218b0_0;
    %concat/vec4; draw_concat_vec4
    %load/vec4 v0x630686921c10_0;
    %parti/s 3, 5, 4;
    %concat/vec4; draw_concat_vec4
    %assign/vec4 v0x630686922630_0, 0;
    %vpi_call 7 50 "$display", "rdval = %h", v0x630686922630_0 {0 0 0};
T_10.3 ;
T_10.1 ;
    %vpi_call 7 52 "$display", "ldresult = %h", v0x630686921f50_0 {0 0 0};
    %load/vec4 v0x630686922030_0;
    %assign/vec4 v0x630686921f50_0, 0;
    %load/vec4 v0x630686921c10_0;
    %parti/s 3, 5, 4;
    %pad/u 4;
    %assign/vec4 v0x630686921cf0_0, 0;
    %load/vec4 v0x630686921cf0_0;
    %assign/vec4 v0x630686922390_0, 0;
    %load/vec4 v0x630686922630_0;
    %assign/vec4 v0x630686922470_0, 0;
    %jmp T_10;
    .thread T_10;
    .scope S_0x6306868eedd0;
T_11 ;
    %pushi/vec4 0, 0, 32;
    %store/vec4 v0x630686922c50_0, 0, 32;
    %pushi/vec4 0, 0, 32;
    %store/vec4 v0x630686923710_0, 0, 32;
    %end;
    .thread T_11;
    .scope S_0x6306868eedd0;
T_12 ;
    %pushi/vec4 0, 0, 16;
    %ix/load 4, 0, 0;
    %flag_set/imm 4, 0;
    %store/vec4a v0x6306869229f0, 4, 0;
    %pushi/vec4 0, 0, 16;
    %ix/load 4, 1, 0;
    %flag_set/imm 4, 0;
    %store/vec4a v0x6306869229f0, 4, 0;
    %pushi/vec4 0, 0, 16;
    %ix/load 4, 0, 0;
    %flag_set/imm 4, 0;
    %store/vec4a v0x630686922b30, 4, 0;
    %pushi/vec4 0, 0, 16;
    %ix/load 4, 1, 0;
    %flag_set/imm 4, 0;
    %store/vec4a v0x630686922b30, 4, 0;
    %pushi/vec4 0, 0, 16;
    %store/vec4 v0x6306869237f0_0, 0, 16;
    %pushi/vec4 0, 0, 1;
    %store/vec4 v0x6306869234d0_0, 0, 1;
    %pushi/vec4 0, 0, 1;
    %store/vec4 v0x630686923650_0, 0, 1;
    %end;
    .thread T_12;
    .scope S_0x6306868eedd0;
T_13 ;
    %wait E_0x630686922920;
    %load/vec4 v0x630686922df0_0;
    %store/vec4 v0x630686922d10_0, 0, 16;
    %load/vec4 v0x630686923170_0;
    %store/vec4 v0x630686923090_0, 0, 16;
    %load/vec4 v0x6306869237f0_0;
    %parti/s 4, 12, 5;
    %cmpi/ne 0, 0, 4;
    %jmp/0xz  T_13.0, 4;
    %load/vec4 v0x630686922d10_0;
    %store/vec4 v0x630686923090_0, 0, 16;
    %load/vec4 v0x6306869237f0_0;
    %store/vec4 v0x630686922d10_0, 0, 16;
T_13.0 ;
    %load/vec4 v0x630686922d10_0;
    %parti/s 4, 12, 5;
    %pad/u 16;
    %pushi/vec4 0, 0, 16;
    %cmp/e;
    %flag_get/vec4 4;
    %load/vec4 v0x630686923090_0;
    %parti/s 4, 12, 5;
    %pad/u 16;
    %pushi/vec4 0, 0, 16;
    %cmp/e;
    %flag_get/vec4 4;
    %and;
    %flag_set/vec4 8;
    %jmp/0xz  T_13.2, 8;
    %pushi/vec4 0, 0, 16;
    %store/vec4 v0x630686922fb0_0, 0, 16;
    %pushi/vec4 0, 0, 16;
    %store/vec4 v0x630686923330_0, 0, 16;
    %pushi/vec4 0, 0, 1;
    %store/vec4 v0x630686923650_0, 0, 1;
    %jmp T_13.3;
T_13.2 ;
    %load/vec4 v0x630686922d10_0;
    %parti/s 4, 12, 5;
    %pad/u 16;
    %cmpi/e 0, 0, 16;
    %jmp/0xz  T_13.4, 4;
    %pushi/vec4 0, 0, 16;
    %store/vec4 v0x630686922fb0_0, 0, 16;
    %pushi/vec4 0, 0, 32;
    %store/vec4 v0x630686922c50_0, 0, 32;
T_13.6 ;
    %load/vec4 v0x630686922c50_0;
    %cmpi/s 2, 0, 32;
    %jmp/0xz T_13.7, 5;
    %ix/getv/s 4, v0x630686922c50_0;
    %load/vec4a v0x6306869229f0, 4;
    %parti/s 4, 12, 5;
    %pad/u 16;
    %cmpi/ne 0, 0, 16;
    %jmp/0xz  T_13.8, 4;
    %ix/getv/s 4, v0x630686922c50_0;
    %load/vec4a v0x6306869229f0, 4;
    %parti/s 3, 8, 5;
    %load/vec4 v0x630686923090_0;
    %parti/s 3, 5, 4;
    %cmp/ne;
    %flag_get/vec4 4;
    %load/vec4 v0x630686923090_0;
    %parti/s 1, 11, 5;
    %pad/u 32;
    %pushi/vec4 1, 0, 32;
    %cmp/e;
    %flag_get/vec4 4;
    %and;
    %ix/getv/s 4, v0x630686922c50_0;
    %load/vec4a v0x6306869229f0, 4;
    %parti/s 3, 8, 5;
    %load/vec4 v0x630686923090_0;
    %parti/s 3, 5, 4;
    %cmp/ne;
    %flag_get/vec4 4;
    %ix/getv/s 4, v0x630686922c50_0;
    %load/vec4a v0x6306869229f0, 4;
    %parti/s 3, 8, 5;
    %load/vec4 v0x630686923090_0;
    %parti/s 3, 2, 3;
    %cmp/ne;
    %flag_get/vec4 4;
    %and;
    %load/vec4 v0x630686923090_0;
    %parti/s 1, 11, 5;
    %pad/u 32;
    %pushi/vec4 0, 0, 32;
    %cmp/e;
    %flag_get/vec4 4;
    %and;
    %or;
    %nor/r;
    %flag_set/vec4 8;
    %jmp/0xz  T_13.10, 8;
    %pushi/vec4 1, 0, 32;
    %store/vec4 v0x630686923710_0, 0, 32;
T_13.10 ;
T_13.8 ;
    %load/vec4 v0x630686922c50_0;
    %addi 1, 0, 32;
    %store/vec4 v0x630686922c50_0, 0, 32;
    %jmp T_13.6;
T_13.7 ;
    %load/vec4 v0x630686923710_0;
    %cmpi/e 0, 0, 32;
    %jmp/0xz  T_13.12, 4;
    %pushi/vec4 0, 0, 32;
    %store/vec4 v0x630686922c50_0, 0, 32;
T_13.14 ;
    %load/vec4 v0x630686922c50_0;
    %cmpi/s 2, 0, 32;
    %jmp/0xz T_13.15, 5;
    %ix/getv/s 4, v0x630686922c50_0;
    %load/vec4a v0x630686922b30, 4;
    %parti/s 4, 12, 5;
    %pad/u 16;
    %cmpi/ne 0, 0, 16;
    %jmp/0xz  T_13.16, 4;
    %ix/getv/s 4, v0x630686922c50_0;
    %load/vec4a v0x630686922b30, 4;
    %parti/s 3, 8, 5;
    %load/vec4 v0x630686923090_0;
    %parti/s 3, 5, 4;
    %cmp/ne;
    %flag_get/vec4 4;
    %load/vec4 v0x630686923090_0;
    %parti/s 1, 11, 5;
    %pad/u 32;
    %pushi/vec4 1, 0, 32;
    %cmp/e;
    %flag_get/vec4 4;
    %and;
    %ix/getv/s 4, v0x630686922c50_0;
    %load/vec4a v0x630686922b30, 4;
    %parti/s 3, 8, 5;
    %load/vec4 v0x630686923090_0;
    %parti/s 3, 5, 4;
    %cmp/ne;
    %flag_get/vec4 4;
    %ix/getv/s 4, v0x630686922c50_0;
    %load/vec4a v0x630686922b30, 4;
    %parti/s 3, 8, 5;
    %load/vec4 v0x630686923090_0;
    %parti/s 3, 2, 3;
    %cmp/ne;
    %flag_get/vec4 4;
    %and;
    %load/vec4 v0x630686923090_0;
    %parti/s 1, 11, 5;
    %pad/u 32;
    %pushi/vec4 0, 0, 32;
    %cmp/e;
    %flag_get/vec4 4;
    %and;
    %or;
    %nor/r;
    %flag_set/vec4 8;
    %jmp/0xz  T_13.18, 8;
    %pushi/vec4 1, 0, 32;
    %store/vec4 v0x630686923710_0, 0, 32;
T_13.18 ;
T_13.16 ;
    %load/vec4 v0x630686922c50_0;
    %addi 1, 0, 32;
    %store/vec4 v0x630686922c50_0, 0, 32;
    %jmp T_13.14;
T_13.15 ;
    %load/vec4 v0x630686923710_0;
    %cmpi/e 0, 0, 32;
    %jmp/0xz  T_13.20, 4;
    %load/vec4 v0x630686923090_0;
    %store/vec4 v0x630686923330_0, 0, 16;
    %jmp T_13.21;
T_13.20 ;
    %pushi/vec4 0, 0, 16;
    %store/vec4 v0x630686923330_0, 0, 16;
T_13.21 ;
    %jmp T_13.13;
T_13.12 ;
    %pushi/vec4 0, 0, 16;
    %store/vec4 v0x630686923330_0, 0, 16;
T_13.13 ;
    %jmp T_13.5;
T_13.4 ;
    %pushi/vec4 0, 0, 32;
    %store/vec4 v0x630686922c50_0, 0, 32;
T_13.22 ;
    %load/vec4 v0x630686922c50_0;
    %cmpi/s 2, 0, 32;
    %jmp/0xz T_13.23, 5;
    %ix/getv/s 4, v0x630686922c50_0;
    %load/vec4a v0x6306869229f0, 4;
    %parti/s 4, 12, 5;
    %pad/u 16;
    %cmpi/ne 0, 0, 16;
    %jmp/0xz  T_13.24, 4;
    %ix/getv/s 4, v0x630686922c50_0;
    %load/vec4a v0x6306869229f0, 4;
    %parti/s 3, 8, 5;
    %load/vec4 v0x630686922d10_0;
    %parti/s 3, 5, 4;
    %cmp/ne;
    %flag_get/vec4 4;
    %load/vec4 v0x630686922d10_0;
    %parti/s 1, 11, 5;
    %pad/u 32;
    %pushi/vec4 1, 0, 32;
    %cmp/e;
    %flag_get/vec4 4;
    %and;
    %ix/getv/s 4, v0x630686922c50_0;
    %load/vec4a v0x6306869229f0, 4;
    %parti/s 3, 8, 5;
    %load/vec4 v0x630686922d10_0;
    %parti/s 3, 5, 4;
    %cmp/ne;
    %flag_get/vec4 4;
    %ix/getv/s 4, v0x630686922c50_0;
    %load/vec4a v0x6306869229f0, 4;
    %parti/s 3, 8, 5;
    %load/vec4 v0x630686922d10_0;
    %parti/s 3, 2, 3;
    %cmp/ne;
    %flag_get/vec4 4;
    %and;
    %load/vec4 v0x630686922d10_0;
    %parti/s 1, 11, 5;
    %pad/u 32;
    %pushi/vec4 0, 0, 32;
    %cmp/e;
    %flag_get/vec4 4;
    %and;
    %or;
    %nor/r;
    %flag_set/vec4 8;
    %jmp/0xz  T_13.26, 8;
    %pushi/vec4 1, 0, 32;
    %store/vec4 v0x630686923710_0, 0, 32;
T_13.26 ;
T_13.24 ;
    %load/vec4 v0x630686922c50_0;
    %addi 1, 0, 32;
    %store/vec4 v0x630686922c50_0, 0, 32;
    %jmp T_13.22;
T_13.23 ;
    %load/vec4 v0x630686923710_0;
    %cmpi/e 0, 0, 32;
    %jmp/0xz  T_13.28, 4;
    %pushi/vec4 0, 0, 32;
    %store/vec4 v0x630686922c50_0, 0, 32;
T_13.30 ;
    %load/vec4 v0x630686922c50_0;
    %cmpi/s 2, 0, 32;
    %jmp/0xz T_13.31, 5;
    %ix/getv/s 4, v0x630686922c50_0;
    %load/vec4a v0x630686922b30, 4;
    %parti/s 4, 12, 5;
    %pad/u 16;
    %cmpi/ne 0, 0, 16;
    %jmp/0xz  T_13.32, 4;
    %ix/getv/s 4, v0x630686922c50_0;
    %load/vec4a v0x630686922b30, 4;
    %parti/s 3, 8, 5;
    %load/vec4 v0x630686922d10_0;
    %parti/s 3, 5, 4;
    %cmp/ne;
    %flag_get/vec4 4;
    %load/vec4 v0x630686922d10_0;
    %parti/s 1, 11, 5;
    %pad/u 32;
    %pushi/vec4 1, 0, 32;
    %cmp/e;
    %flag_get/vec4 4;
    %and;
    %ix/getv/s 4, v0x630686922c50_0;
    %load/vec4a v0x630686922b30, 4;
    %parti/s 3, 8, 5;
    %load/vec4 v0x630686922d10_0;
    %parti/s 3, 5, 4;
    %cmp/ne;
    %flag_get/vec4 4;
    %ix/getv/s 4, v0x630686922c50_0;
    %load/vec4a v0x630686922b30, 4;
    %parti/s 3, 8, 5;
    %load/vec4 v0x630686922d10_0;
    %parti/s 3, 2, 3;
    %cmp/ne;
    %flag_get/vec4 4;
    %and;
    %load/vec4 v0x630686922d10_0;
    %parti/s 1, 11, 5;
    %pad/u 32;
    %pushi/vec4 0, 0, 32;
    %cmp/e;
    %flag_get/vec4 4;
    %and;
    %or;
    %nor/r;
    %flag_set/vec4 8;
    %jmp/0xz  T_13.34, 8;
    %pushi/vec4 1, 0, 32;
    %store/vec4 v0x630686923710_0, 0, 32;
T_13.34 ;
T_13.32 ;
    %load/vec4 v0x630686922c50_0;
    %addi 1, 0, 32;
    %store/vec4 v0x630686922c50_0, 0, 32;
    %jmp T_13.30;
T_13.31 ;
T_13.28 ;
    %load/vec4 v0x630686923710_0;
    %cmpi/e 1, 0, 32;
    %jmp/0xz  T_13.36, 4;
    %pushi/vec4 0, 0, 16;
    %store/vec4 v0x630686922fb0_0, 0, 16;
    %pushi/vec4 0, 0, 16;
    %store/vec4 v0x630686923330_0, 0, 16;
    %pushi/vec4 1, 0, 1;
    %store/vec4 v0x630686923650_0, 0, 1;
    %jmp T_13.37;
T_13.36 ;
    %load/vec4 v0x630686922d10_0;
    %store/vec4 v0x630686922fb0_0, 0, 16;
    %load/vec4 v0x630686922d10_0;
    %cmpi/ne 0, 0, 16;
    %jmp/0xz  T_13.38, 4;
    %load/vec4 v0x630686923090_0;
    %parti/s 3, 8, 5;
    %load/vec4 v0x630686922d10_0;
    %parti/s 3, 8, 5;
    %cmp/ne;
    %flag_get/vec4 4;
    %load/vec4 v0x630686923090_0;
    %parti/s 3, 8, 5;
    %load/vec4 v0x630686922d10_0;
    %parti/s 3, 5, 4;
    %cmp/ne;
    %flag_get/vec4 4;
    %and;
    %load/vec4 v0x630686922d10_0;
    %parti/s 1, 11, 5;
    %pad/u 32;
    %pushi/vec4 1, 0, 32;
    %cmp/e;
    %flag_get/vec4 4;
    %and;
    %load/vec4 v0x630686923090_0;
    %parti/s 3, 8, 5;
    %load/vec4 v0x630686922d10_0;
    %parti/s 3, 8, 5;
    %cmp/ne;
    %flag_get/vec4 4;
    %load/vec4 v0x630686923090_0;
    %parti/s 3, 8, 5;
    %load/vec4 v0x630686922d10_0;
    %parti/s 3, 5, 4;
    %cmp/ne;
    %flag_get/vec4 4;
    %and;
    %load/vec4 v0x630686922d10_0;
    %parti/s 1, 11, 5;
    %pad/u 32;
    %pushi/vec4 0, 0, 32;
    %cmp/e;
    %flag_get/vec4 4;
    %and;
    %load/vec4 v0x630686923090_0;
    %parti/s 3, 8, 5;
    %load/vec4 v0x630686922d10_0;
    %parti/s 3, 2, 3;
    %cmp/ne;
    %flag_get/vec4 4;
    %and;
    %load/vec4 v0x630686922d10_0;
    %parti/s 3, 8, 5;
    %load/vec4 v0x630686923090_0;
    %parti/s 3, 8, 5;
    %cmp/ne;
    %flag_get/vec4 4;
    %load/vec4 v0x630686922d10_0;
    %parti/s 3, 8, 5;
    %load/vec4 v0x630686923090_0;
    %parti/s 3, 5, 4;
    %cmp/ne;
    %flag_get/vec4 4;
    %and;
    %load/vec4 v0x630686923090_0;
    %parti/s 1, 11, 5;
    %pad/u 32;
    %pushi/vec4 1, 0, 32;
    %cmp/e;
    %flag_get/vec4 4;
    %and;
    %load/vec4 v0x630686922d10_0;
    %parti/s 3, 8, 5;
    %load/vec4 v0x630686923090_0;
    %parti/s 3, 8, 5;
    %cmp/ne;
    %flag_get/vec4 4;
    %load/vec4 v0x630686922d10_0;
    %parti/s 3, 8, 5;
    %load/vec4 v0x630686923090_0;
    %parti/s 3, 5, 4;
    %cmp/ne;
    %flag_get/vec4 4;
    %and;
    %load/vec4 v0x630686923090_0;
    %parti/s 1, 11, 5;
    %pad/u 32;
    %pushi/vec4 0, 0, 32;
    %cmp/e;
    %flag_get/vec4 4;
    %and;
    %load/vec4 v0x630686922d10_0;
    %parti/s 3, 8, 5;
    %load/vec4 v0x630686923090_0;
    %parti/s 3, 2, 3;
    %cmp/ne;
    %flag_get/vec4 4;
    %and;
    %or;
    %and;
    %or;
    %nor/r;
    %flag_set/vec4 8;
    %jmp/0xz  T_13.40, 8;
    %pushi/vec4 1, 0, 32;
    %store/vec4 v0x630686923710_0, 0, 32;
T_13.40 ;
    %load/vec4 v0x630686923710_0;
    %cmpi/e 1, 0, 32;
    %jmp/0xz  T_13.42, 4;
    %pushi/vec4 0, 0, 16;
    %store/vec4 v0x630686923330_0, 0, 16;
T_13.42 ;
    %jmp T_13.39;
T_13.38 ;
    %pushi/vec4 0, 0, 32;
    %store/vec4 v0x630686923710_0, 0, 32;
T_13.39 ;
    %load/vec4 v0x630686923710_0;
    %cmpi/e 0, 0, 32;
    %jmp/0xz  T_13.44, 4;
    %pushi/vec4 0, 0, 32;
    %store/vec4 v0x630686922c50_0, 0, 32;
T_13.46 ;
    %load/vec4 v0x630686922c50_0;
    %cmpi/s 2, 0, 32;
    %jmp/0xz T_13.47, 5;
    %ix/getv/s 4, v0x630686922c50_0;
    %load/vec4a v0x630686922b30, 4;
    %parti/s 4, 12, 5;
    %pad/u 16;
    %cmpi/ne 0, 0, 16;
    %jmp/0xz  T_13.48, 4;
    %ix/getv/s 4, v0x630686922c50_0;
    %load/vec4a v0x630686922b30, 4;
    %parti/s 3, 8, 5;
    %load/vec4 v0x630686923090_0;
    %parti/s 3, 5, 4;
    %cmp/ne;
    %flag_get/vec4 4;
    %load/vec4 v0x630686923090_0;
    %parti/s 1, 11, 5;
    %pad/u 32;
    %pushi/vec4 1, 0, 32;
    %cmp/e;
    %flag_get/vec4 4;
    %and;
    %ix/getv/s 4, v0x630686922c50_0;
    %load/vec4a v0x630686922b30, 4;
    %parti/s 3, 8, 5;
    %load/vec4 v0x630686923090_0;
    %parti/s 3, 5, 4;
    %cmp/ne;
    %flag_get/vec4 4;
    %ix/getv/s 4, v0x630686922c50_0;
    %load/vec4a v0x630686922b30, 4;
    %parti/s 3, 8, 5;
    %load/vec4 v0x630686923090_0;
    %parti/s 3, 2, 3;
    %cmp/ne;
    %flag_get/vec4 4;
    %and;
    %load/vec4 v0x630686923090_0;
    %parti/s 1, 11, 5;
    %pad/u 32;
    %pushi/vec4 0, 0, 32;
    %cmp/e;
    %flag_get/vec4 4;
    %and;
    %or;
    %nor/r;
    %flag_set/vec4 8;
    %jmp/0xz  T_13.50, 8;
    %pushi/vec4 1, 0, 32;
    %store/vec4 v0x630686923710_0, 0, 32;
T_13.50 ;
T_13.48 ;
    %load/vec4 v0x630686922c50_0;
    %addi 1, 0, 32;
    %store/vec4 v0x630686922c50_0, 0, 32;
    %jmp T_13.46;
T_13.47 ;
    %load/vec4 v0x630686923710_0;
    %cmpi/e 0, 0, 32;
    %jmp/0xz  T_13.52, 4;
    %pushi/vec4 0, 0, 32;
    %store/vec4 v0x630686922c50_0, 0, 32;
T_13.54 ;
    %load/vec4 v0x630686922c50_0;
    %cmpi/s 2, 0, 32;
    %jmp/0xz T_13.55, 5;
    %ix/getv/s 4, v0x630686922c50_0;
    %load/vec4a v0x6306869229f0, 4;
    %parti/s 4, 12, 5;
    %pad/u 16;
    %cmpi/ne 0, 0, 16;
    %jmp/0xz  T_13.56, 4;
    %ix/getv/s 4, v0x630686922c50_0;
    %load/vec4a v0x6306869229f0, 4;
    %parti/s 3, 8, 5;
    %load/vec4 v0x630686923090_0;
    %parti/s 3, 5, 4;
    %cmp/ne;
    %flag_get/vec4 4;
    %load/vec4 v0x630686923090_0;
    %parti/s 1, 11, 5;
    %pad/u 32;
    %pushi/vec4 1, 0, 32;
    %cmp/e;
    %flag_get/vec4 4;
    %and;
    %ix/getv/s 4, v0x630686922c50_0;
    %load/vec4a v0x6306869229f0, 4;
    %parti/s 3, 8, 5;
    %load/vec4 v0x630686923090_0;
    %parti/s 3, 5, 4;
    %cmp/ne;
    %flag_get/vec4 4;
    %ix/getv/s 4, v0x630686922c50_0;
    %load/vec4a v0x6306869229f0, 4;
    %parti/s 3, 8, 5;
    %load/vec4 v0x630686923090_0;
    %parti/s 3, 2, 3;
    %cmp/ne;
    %flag_get/vec4 4;
    %and;
    %load/vec4 v0x630686923090_0;
    %parti/s 1, 11, 5;
    %pad/u 32;
    %pushi/vec4 0, 0, 32;
    %cmp/e;
    %flag_get/vec4 4;
    %and;
    %or;
    %nor/r;
    %flag_set/vec4 8;
    %jmp/0xz  T_13.58, 8;
    %pushi/vec4 1, 0, 32;
    %store/vec4 v0x630686923710_0, 0, 32;
T_13.58 ;
T_13.56 ;
    %load/vec4 v0x630686922c50_0;
    %addi 1, 0, 32;
    %store/vec4 v0x630686922c50_0, 0, 32;
    %jmp T_13.54;
T_13.55 ;
T_13.52 ;
    %load/vec4 v0x630686923710_0;
    %cmpi/e 0, 0, 32;
    %jmp/0xz  T_13.60, 4;
    %load/vec4 v0x630686923090_0;
    %store/vec4 v0x630686923330_0, 0, 16;
    %jmp T_13.61;
T_13.60 ;
    %pushi/vec4 0, 0, 16;
    %store/vec4 v0x630686923330_0, 0, 16;
T_13.61 ;
    %jmp T_13.45;
T_13.44 ;
    %pushi/vec4 0, 0, 16;
    %store/vec4 v0x630686923330_0, 0, 16;
T_13.45 ;
T_13.37 ;
T_13.5 ;
T_13.3 ;
    %pushi/vec4 1, 0, 32;
    %store/vec4 v0x630686922c50_0, 0, 32;
T_13.62 ;
    %load/vec4 v0x630686922c50_0;
    %cmpi/s 2, 0, 32;
    %jmp/0xz T_13.63, 5;
    %load/vec4 v0x630686922c50_0;
    %pad/s 33;
    %subi 1, 0, 33;
    %ix/vec4/s 4;
    %load/vec4a v0x6306869229f0, 4;
    %ix/getv/s 4, v0x630686922c50_0;
    %store/vec4a v0x6306869229f0, 4, 0;
    %load/vec4 v0x630686922c50_0;
    %pad/s 33;
    %subi 1, 0, 33;
    %ix/vec4/s 4;
    %load/vec4a v0x630686922b30, 4;
    %ix/getv/s 4, v0x630686922c50_0;
    %store/vec4a v0x630686922b30, 4, 0;
    %load/vec4 v0x630686922c50_0;
    %addi 1, 0, 32;
    %store/vec4 v0x630686922c50_0, 0, 32;
    %jmp T_13.62;
T_13.63 ;
    %load/vec4 v0x630686922fb0_0;
    %ix/load 4, 0, 0;
    %flag_set/imm 4, 0;
    %store/vec4a v0x6306869229f0, 4, 0;
    %load/vec4 v0x630686923330_0;
    %ix/load 4, 0, 0;
    %flag_set/imm 4, 0;
    %store/vec4a v0x630686922b30, 4, 0;
    %load/vec4 v0x630686922fb0_0;
    %load/vec4 v0x630686922d10_0;
    %cmp/e;
    %flag_get/vec4 4;
    %load/vec4 v0x630686923330_0;
    %load/vec4 v0x630686923090_0;
    %cmp/ne;
    %flag_get/vec4 4;
    %and;
    %flag_set/vec4 8;
    %jmp/0xz  T_13.64, 8;
    %load/vec4 v0x630686923090_0;
    %store/vec4 v0x6306869237f0_0, 0, 16;
    %pushi/vec4 1, 0, 1;
    %store/vec4 v0x6306869234d0_0, 0, 1;
    %jmp T_13.65;
T_13.64 ;
    %load/vec4 v0x630686922fb0_0;
    %load/vec4 v0x630686922d10_0;
    %cmp/ne;
    %flag_get/vec4 4;
    %load/vec4 v0x630686923330_0;
    %load/vec4 v0x630686923090_0;
    %cmp/e;
    %flag_get/vec4 4;
    %and;
    %flag_set/vec4 8;
    %jmp/0xz  T_13.66, 8;
    %load/vec4 v0x630686922d10_0;
    %store/vec4 v0x6306869237f0_0, 0, 16;
    %pushi/vec4 1, 0, 1;
    %store/vec4 v0x6306869234d0_0, 0, 1;
    %jmp T_13.67;
T_13.66 ;
    %pushi/vec4 0, 0, 1;
    %store/vec4 v0x6306869234d0_0, 0, 1;
T_13.67 ;
T_13.65 ;
    %jmp T_13;
    .thread T_13, $push;
    .scope S_0x6306868ef120;
T_14 ;
    %vpi_call 9 14 "$readmemh", "registers.hex", v0x630686924250 {0 0 0};
    %end;
    .thread T_14;
    .scope S_0x6306868ef120;
T_15 ;
    %wait E_0x630686923b50;
    %load/vec4 v0x630686923fd0_0;
    %flag_set/vec4 8;
    %jmp/0xz  T_15.0, 8;
    %load/vec4 v0x630686923f10_0;
    %flag_set/vec4 8;
    %jmp/0xz  T_15.2, 8;
    %load/vec4 v0x630686924090_0;
    %store/vec4 v0x630686924410_0, 0, 16;
    %jmp T_15.3;
T_15.2 ;
    %load/vec4 v0x630686923bb0_0;
    %store/vec4 v0x630686924410_0, 0, 16;
T_15.3 ;
    %load/vec4 v0x630686924410_0;
    %load/vec4 v0x630686924170_0;
    %pad/u 5;
    %ix/vec4 4;
    %store/vec4a v0x630686924250, 4, 0;
T_15.0 ;
    %jmp T_15;
    .thread T_15;
    .scope S_0x6306868ef120;
T_16 ;
    %wait E_0x63068689c770;
    %vpi_func 9 27 "$fopen" 32, "registers.hex", "w" {0 0 0};
    %store/vec4 v0x630686923d70_0, 0, 32;
    %pushi/vec4 0, 0, 32;
    %store/vec4 v0x630686923e30_0, 0, 32;
T_16.0 ;
    %load/vec4 v0x630686923e30_0;
    %cmpi/s 8, 0, 32;
    %jmp/0xz T_16.1, 5;
    %vpi_call 9 29 "$fwrite", v0x630686923d70_0, "%h\012", &A<v0x630686924250, v0x630686923e30_0 > {0 0 0};
    %load/vec4 v0x630686923e30_0;
    %addi 1, 0, 32;
    %store/vec4 v0x630686923e30_0, 0, 32;
    %jmp T_16.0;
T_16.1 ;
    %vpi_call 9 31 "$fclose", v0x630686923d70_0 {0 0 0};
    %jmp T_16;
    .thread T_16, $push;
# The file index is used to find the file name in the following table.
:file_names 10;
    "N/A";
    "<interactive>";
    "src/execute/alu.v";
    "src/decode/control_unit.v";
    "src/decode/decode_unit.v";
    "src/execute/execute_unit.v";
    "src/fetch/fetch_unit.v";
    "src/memory/memory_unit.v";
    "src/fetch/relayer.v";
    "src/writeback/writeback_unit.v";
